#! /c/Source/iverilog-install/bin/vvp
:ivl_version "12.0 (devel)" "(s20150603-1539-g2693dd32b)";
:ivl_delay_selection "TYPICAL";
:vpi_time_precision - 12;
:vpi_module "C:\iverilog\lib\ivl\system.vpi";
:vpi_module "C:\iverilog\lib\ivl\vhdl_sys.vpi";
:vpi_module "C:\iverilog\lib\ivl\vhdl_textio.vpi";
:vpi_module "C:\iverilog\lib\ivl\v2005_math.vpi";
:vpi_module "C:\iverilog\lib\ivl\va_math.vpi";
:vpi_module "C:\iverilog\lib\ivl\v2009.vpi";
S_000001b55ec1bff0 .scope package, "$unit" "$unit" 2 1;
 .timescale 0 0;
S_000001b55ec1c180 .scope module, "uart_top_tb" "uart_top_tb" 3 3;
 .timescale -9 -12;
v000001b55ecaa830_0 .net "busy", 0 0, L_000001b55ec3e200;  1 drivers
v000001b55ecaa8d0_0 .var "clk", 0 0;
v000001b55ecaa970_0 .var "data_in", 7 0;
v000001b55ecaaab0_0 .net "data_out", 7 0, v000001b55ec12ed0_0;  1 drivers
v000001b55ecb54d0_0 .net "rdy", 0 0, v000001b55ec129d0_0;  1 drivers
v000001b55ecb59d0_0 .var "rdy_clr", 0 0;
v000001b55ecb5c50_0 .var "reset", 0 0;
v000001b55ecb5d90_0 .var "wr_en", 0 0;
S_000001b55ec23600 .scope task, "clear_ready" "clear_ready" 3 43, 3 43 0, S_000001b55ec1c180;
 .timescale -9 -12;
E_000001b55ec52e60 .event negedge, v000001b55ec12c50_0;
TD_uart_top_tb.clear_ready ;
    %wait E_000001b55ec52e60;
    %pushi/vec4 1, 0, 1;
    %store/vec4 v000001b55ecb59d0_0, 0, 1;
    %wait E_000001b55ec52e60;
    %pushi/vec4 0, 0, 1;
    %store/vec4 v000001b55ecb59d0_0, 0, 1;
    %end;
S_000001b55ec23790 .scope module, "dut" "uart_top" 3 17, 4 3 0, S_000001b55ec1c180;
 .timescale -9 -12;
    .port_info 0 /INPUT 1 "clk";
    .port_info 1 /INPUT 1 "reset";
    .port_info 2 /INPUT 8 "data_in";
    .port_info 3 /INPUT 1 "wr_en";
    .port_info 4 /INPUT 1 "rdy_clr";
    .port_info 5 /OUTPUT 1 "rdy";
    .port_info 6 /OUTPUT 1 "busy";
    .port_info 7 /OUTPUT 8 "data_out";
P_000001b55ec4bf00 .param/l "RX_DIV" 0 4 5, +C4<00000000000000000000000000000001>;
P_000001b55ec4bf38 .param/l "TX_DIV" 0 4 4, +C4<00000000000000000000000000010000>;
L_000001b55edd0088 .functor BUFT 1, C4<0>, C4<0>, C4<0>, C4<0>;
L_000001b55ec3e580 .functor XNOR 1, L_000001b55ecb4530, L_000001b55edd0088, C4<0>, C4<0>;
L_000001b55ec3dd30 .functor AND 1, L_000001b55ecb51b0, L_000001b55ec3e580, C4<1>, C4<1>;
L_000001b55ec3e200 .functor BUFZ 1, L_000001b55ecb4530, C4<0>, C4<0>, C4<0>;
v000001b55ecab9b0_0 .net *"_ivl_1", 0 0, L_000001b55ecb51b0;  1 drivers
v000001b55eca9e30_0 .net/2u *"_ivl_2", 0 0, L_000001b55edd0088;  1 drivers
v000001b55ecab730_0 .net *"_ivl_4", 0 0, L_000001b55ec3e580;  1 drivers
v000001b55ecab050_0 .net "busy", 0 0, L_000001b55ec3e200;  alias, 1 drivers
v000001b55ecaa470_0 .net "clk", 0 0, v000001b55ecaa8d0_0;  1 drivers
v000001b55ecabc30_0 .net "data_in", 7 0, v000001b55ecaa970_0;  1 drivers
v000001b55ecaa1f0_0 .net "data_out", 7 0, v000001b55ec12ed0_0;  alias, 1 drivers
v000001b55eca9ed0_0 .net "rdy", 0 0, v000001b55ec129d0_0;  alias, 1 drivers
v000001b55ecab870_0 .net "rdy_clr", 0 0, v000001b55ecb59d0_0;  1 drivers
v000001b55ecaa010_0 .net "reset", 0 0, v000001b55ecb5c50_0;  1 drivers
v000001b55ecaa290_0 .net "rx_en", 0 0, v000001b55ec12890_0;  1 drivers
v000001b55ecaa3d0_0 .net "tx_busy", 0 0, L_000001b55ecb4530;  1 drivers
v000001b55ecaa510_0 .net "tx_clock_enable", 0 0, v000001b55ec12110_0;  1 drivers
v000001b55ecab910_0 .net "tx_fifo_dout", 7 0, L_000001b55ec3e820;  1 drivers
v000001b55ecaaa10_0 .net "tx_fifo_empty", 0 0, L_000001b55ecb4c10;  1 drivers
v000001b55ecab0f0_0 .net "tx_fifo_full", 0 0, L_000001b55ecb5e30;  1 drivers
v000001b55ecaba50_0 .net "tx_line", 0 0, v000001b55ecab4b0_0;  1 drivers
v000001b55ecaa5b0_0 .net "tx_start", 0 0, L_000001b55ec3dd30;  1 drivers
v000001b55ecaa650_0 .net "wr_en", 0 0, v000001b55ecb5d90_0;  1 drivers
L_000001b55ecb51b0 .reduce/nor L_000001b55ecb4c10;
S_000001b55ec31340 .scope module, "brg" "baud_rate_generator" 4 34, 5 3 0, S_000001b55ec23790;
 .timescale -9 -12;
    .port_info 0 /INPUT 1 "clk";
    .port_info 1 /INPUT 1 "reset";
    .port_info 2 /OUTPUT 1 "tx_enable";
    .port_info 3 /OUTPUT 1 "rx_en";
P_000001b55ec4ca00 .param/l "RX_DIV" 0 5 10, +C4<00000000000000000000000000000001>;
P_000001b55ec4ca38 .param/l "TX_DIV" 0 5 9, +C4<00000000000000000000000000010000>;
v000001b55ec12c50_0 .net "clk", 0 0, v000001b55ecaa8d0_0;  alias, 1 drivers
v000001b55ec12cf0_0 .net "reset", 0 0, v000001b55ecb5c50_0;  alias, 1 drivers
v000001b55ec12d90_0 .var "rx_counter", 9 0;
v000001b55ec12890_0 .var "rx_en", 0 0;
v000001b55ec12930_0 .var "tx_counter", 12 0;
v000001b55ec12110_0 .var "tx_enable", 0 0;
E_000001b55ec522e0 .event posedge, v000001b55ec12c50_0;
S_000001b55ec314d0 .scope module, "rx_inst" "uart_receiver" 4 65, 6 3 0, S_000001b55ec23790;
 .timescale -9 -12;
    .port_info 0 /INPUT 1 "clk";
    .port_info 1 /INPUT 1 "rst";
    .port_info 2 /INPUT 1 "rx";
    .port_info 3 /INPUT 1 "rdy_clr";
    .port_info 4 /INPUT 1 "rx_en";
    .port_info 5 /OUTPUT 1 "rdy";
    .port_info 6 /OUTPUT 8 "data_out";
P_000001b55edcc510 .param/l "DATA" 0 6 14, C4<10>;
P_000001b55edcc548 .param/l "IDLE" 0 6 12, C4<00>;
P_000001b55edcc580 .param/l "START" 0 6 13, C4<01>;
P_000001b55edcc5b8 .param/l "STOP" 0 6 15, C4<11>;
v000001b55ec12f70_0 .net "clk", 0 0, v000001b55ecaa8d0_0;  alias, 1 drivers
v000001b55ec12ed0_0 .var "data_out", 7 0;
v000001b55ec121b0_0 .var "index", 3 0;
v000001b55ec129d0_0 .var "rdy", 0 0;
v000001b55ec12570_0 .net "rdy_clr", 0 0, v000001b55ecb59d0_0;  alias, 1 drivers
v000001b55ec12750_0 .net "rst", 0 0, v000001b55ecb5c50_0;  alias, 1 drivers
v000001b55ec12430_0 .net "rx", 0 0, v000001b55ecab4b0_0;  alias, 1 drivers
v000001b55ec12b10_0 .net "rx_en", 0 0, v000001b55ec12890_0;  alias, 1 drivers
v000001b55ec124d0_0 .var "sample", 3 0;
v000001b55ec122f0_0 .var "state", 1 0;
v000001b55ec126b0_0 .var "temp", 7 0;
S_000001b55ec41990 .scope module, "tx_fifo" "uart_fifo" 4 41, 7 7 0, S_000001b55ec23790;
 .timescale -9 -12;
    .port_info 0 /INPUT 1 "clk";
    .port_info 1 /INPUT 1 "reset";
    .port_info 2 /INPUT 1 "wr_en";
    .port_info 3 /INPUT 8 "wr_data";
    .port_info 4 /OUTPUT 1 "full";
    .port_info 5 /INPUT 1 "rd_en";
    .port_info 6 /OUTPUT 8 "rd_data";
    .port_info 7 /OUTPUT 1 "empty";
L_000001b55ec3e820 .functor BUFZ 8, L_000001b55ecb4170, C4<00000000>, C4<00000000>, C4<00000000>;
L_000001b55ec3e5f0 .functor AND 1, v000001b55ecb5d90_0, L_000001b55ecb5a70, C4<1>, C4<1>;
L_000001b55ec3de10 .functor AND 1, L_000001b55ec3dd30, L_000001b55ecb4990, C4<1>, C4<1>;
L_000001b55edd00d0 .functor BUFT 1, C4<00000>, C4<0>, C4<0>, C4<0>;
v000001b55ec12610_0 .net/2u *"_ivl_0", 4 0, L_000001b55edd00d0;  1 drivers
v000001b55ec127f0_0 .net *"_ivl_10", 5 0, L_000001b55ecb5070;  1 drivers
L_000001b55edd0160 .functor BUFT 1, C4<00>, C4<0>, C4<0>, C4<0>;
v000001b55ec12e30_0 .net *"_ivl_13", 1 0, L_000001b55edd0160;  1 drivers
v000001b55ec12070_0 .net *"_ivl_17", 0 0, L_000001b55ecb5a70;  1 drivers
v000001b55ec12250_0 .net *"_ivl_21", 0 0, L_000001b55ecb4990;  1 drivers
L_000001b55edd0118 .functor BUFT 1, C4<10000>, C4<0>, C4<0>, C4<0>;
v000001b55ec12390_0 .net/2u *"_ivl_4", 4 0, L_000001b55edd0118;  1 drivers
v000001b55ec12a70_0 .net *"_ivl_8", 7 0, L_000001b55ecb4170;  1 drivers
v000001b55eca9f70_0 .net "clk", 0 0, v000001b55ecaa8d0_0;  alias, 1 drivers
v000001b55ecabaf0_0 .var "count", 4 0;
v000001b55ecaad30_0 .net "do_read", 0 0, L_000001b55ec3de10;  1 drivers
v000001b55ecab2d0_0 .net "do_write", 0 0, L_000001b55ec3e5f0;  1 drivers
v000001b55ecab230_0 .net "empty", 0 0, L_000001b55ecb4c10;  alias, 1 drivers
v000001b55ecab7d0_0 .net "full", 0 0, L_000001b55ecb5e30;  alias, 1 drivers
v000001b55eca9d90 .array "mem", 15 0, 7 0;
v000001b55ecabb90_0 .net "rd_data", 7 0, L_000001b55ec3e820;  alias, 1 drivers
v000001b55ecab190_0 .net "rd_en", 0 0, L_000001b55ec3dd30;  alias, 1 drivers
v000001b55ecaa0b0_0 .var "rd_ptr", 3 0;
v000001b55ecab550_0 .net "reset", 0 0, v000001b55ecb5c50_0;  alias, 1 drivers
v000001b55ecaab50_0 .net "wr_data", 7 0, v000001b55ecaa970_0;  alias, 1 drivers
v000001b55ecab370_0 .net "wr_en", 0 0, v000001b55ecb5d90_0;  alias, 1 drivers
v000001b55ecaa330_0 .var "wr_ptr", 3 0;
L_000001b55ecb4c10 .cmp/eq 5, v000001b55ecabaf0_0, L_000001b55edd00d0;
L_000001b55ecb5e30 .cmp/eq 5, v000001b55ecabaf0_0, L_000001b55edd0118;
L_000001b55ecb4170 .array/port v000001b55eca9d90, L_000001b55ecb5070;
L_000001b55ecb5070 .concat [ 4 2 0 0], v000001b55ecaa0b0_0, L_000001b55edd0160;
L_000001b55ecb5a70 .reduce/nor L_000001b55ecb5e30;
L_000001b55ecb4990 .reduce/nor L_000001b55ecb4c10;
S_000001b55ec41b20 .scope module, "tx_inst" "uart_sender" 4 52, 8 3 0, S_000001b55ec23790;
 .timescale -9 -12;
    .port_info 0 /INPUT 1 "clk";
    .port_info 1 /INPUT 1 "rst";
    .port_info 2 /INPUT 1 "wr_en";
    .port_info 3 /INPUT 1 "tx_en";
    .port_info 4 /INPUT 8 "data_in";
    .port_info 5 /OUTPUT 1 "tx";
    .port_info 6 /OUTPUT 1 "busy";
P_000001b55ec41cb0 .param/l "DATA" 0 8 14, C4<10>;
P_000001b55ec41ce8 .param/l "IDLE" 0 8 12, C4<00>;
P_000001b55ec41d20 .param/l "START" 0 8 13, C4<01>;
P_000001b55ec41d58 .param/l "STOP" 0 8 15, C4<11>;
L_000001b55edd01a8 .functor BUFT 1, C4<00>, C4<0>, C4<0>, C4<0>;
v000001b55ecaabf0_0 .net/2u *"_ivl_0", 1 0, L_000001b55edd01a8;  1 drivers
v000001b55ecaac90_0 .net "busy", 0 0, L_000001b55ecb4530;  alias, 1 drivers
v000001b55ecaa150_0 .net "clk", 0 0, v000001b55ecaa8d0_0;  alias, 1 drivers
v000001b55ecaadd0_0 .var "data", 7 0;
v000001b55ecaae70_0 .net "data_in", 7 0, L_000001b55ec3e820;  alias, 1 drivers
v000001b55ecab410_0 .var "index", 2 0;
v000001b55ecaaf10_0 .net "rst", 0 0, v000001b55ecb5c50_0;  alias, 1 drivers
v000001b55ecaafb0_0 .var "state", 1 0;
v000001b55ecab4b0_0 .var "tx", 0 0;
v000001b55ecab690_0 .net "tx_en", 0 0, v000001b55ec12110_0;  alias, 1 drivers
v000001b55ecab5f0_0 .net "wr_en", 0 0, L_000001b55ec3dd30;  alias, 1 drivers
L_000001b55ecb4530 .cmp/ne 2, v000001b55ecaafb0_0, L_000001b55edd01a8;
S_000001b55ecb3d60 .scope task, "expect_byte" "expect_byte" 3 52, 3 52 0, S_000001b55ec1c180;
 .timescale -9 -12;
v000001b55ecaa6f0_0 .var "exp", 7 0;
E_000001b55ec52320 .event anyedge, v000001b55ec129d0_0;
TD_uart_top_tb.expect_byte ;
T_1.0 ;
    %load/vec4 v000001b55ecb54d0_0;
    %pushi/vec4 0, 0, 1;
    %cmp/e;
    %flag_get/vec4 4;
    %cmpi/ne 1, 0, 1;
    %jmp/0xz T_1.1, 6;
    %wait E_000001b55ec52320;
    %jmp T_1.0;
T_1.1 ;
T_1.2 ;
    %load/vec4 v000001b55ecb54d0_0;
    %pushi/vec4 1, 0, 1;
    %cmp/e;
    %flag_get/vec4 4;
    %cmpi/ne 1, 0, 1;
    %jmp/0xz T_1.3, 6;
    %wait E_000001b55ec52320;
    %jmp T_1.2;
T_1.3 ;
    %load/vec4 v000001b55ecaaab0_0;
    %load/vec4 v000001b55ecaa6f0_0;
    %cmp/ne;
    %jmp/0xz  T_1.4, 6;
    %vpi_call/w 3 60 "$display", "TB ERROR: expected %h, got %h at time %0t", v000001b55ecaa6f0_0, v000001b55ecaaab0_0, $time {0 0 0};
    %vpi_call/w 3 61 "$finish" {0 0 0};
    %jmp T_1.5;
T_1.4 ;
    %vpi_call/w 3 63 "$display", "TB: received %h OK at time %0t", v000001b55ecaaab0_0, $time {0 0 0};
T_1.5 ;
    %fork TD_uart_top_tb.clear_ready, S_000001b55ec23600;
    %join;
    %end;
S_000001b55ecb3ef0 .scope task, "send_byte" "send_byte" 3 31, 3 31 0, S_000001b55ec1c180;
 .timescale -9 -12;
v000001b55ecaa790_0 .var "d", 7 0;
TD_uart_top_tb.send_byte ;
    %wait E_000001b55ec52e60;
    %vpi_call/w 3 35 "$display", "TB: send %h (tx_busy=%b) at time %0t", v000001b55ecaa790_0, v000001b55ecaa830_0, $time {0 0 0};
    %load/vec4 v000001b55ecaa790_0;
    %store/vec4 v000001b55ecaa970_0, 0, 8;
    %pushi/vec4 1, 0, 1;
    %store/vec4 v000001b55ecb5d90_0, 0, 1;
    %wait E_000001b55ec52e60;
    %pushi/vec4 0, 0, 1;
    %store/vec4 v000001b55ecb5d90_0, 0, 1;
    %end;
    .scope S_000001b55ec31340;
T_3 ;
    %wait E_000001b55ec522e0;
    %load/vec4 v000001b55ec12cf0_0;
    %flag_set/vec4 8;
    %jmp/0xz  T_3.0, 8;
    %pushi/vec4 0, 0, 13;
    %assign/vec4 v000001b55ec12930_0, 0;
    %pushi/vec4 0, 0, 1;
    %assign/vec4 v000001b55ec12110_0, 0;
    %jmp T_3.1;
T_3.0 ;
    %load/vec4 v000001b55ec12930_0;
    %pad/u 32;
    %cmpi/e 15, 0, 32;
    %jmp/0xz  T_3.2, 4;
    %pushi/vec4 0, 0, 13;
    %assign/vec4 v000001b55ec12930_0, 0;
    %pushi/vec4 1, 0, 1;
    %assign/vec4 v000001b55ec12110_0, 0;
    %jmp T_3.3;
T_3.2 ;
    %load/vec4 v000001b55ec12930_0;
    %addi 1, 0, 13;
    %assign/vec4 v000001b55ec12930_0, 0;
    %pushi/vec4 0, 0, 1;
    %assign/vec4 v000001b55ec12110_0, 0;
T_3.3 ;
T_3.1 ;
    %jmp T_3;
    .thread T_3;
    .scope S_000001b55ec31340;
T_4 ;
    %wait E_000001b55ec522e0;
    %load/vec4 v000001b55ec12cf0_0;
    %flag_set/vec4 8;
    %jmp/0xz  T_4.0, 8;
    %pushi/vec4 0, 0, 10;
    %assign/vec4 v000001b55ec12d90_0, 0;
    %pushi/vec4 0, 0, 1;
    %assign/vec4 v000001b55ec12890_0, 0;
    %jmp T_4.1;
T_4.0 ;
    %load/vec4 v000001b55ec12d90_0;
    %pad/u 32;
    %cmpi/e 0, 0, 32;
    %jmp/0xz  T_4.2, 4;
    %pushi/vec4 0, 0, 10;
    %assign/vec4 v000001b55ec12d90_0, 0;
    %pushi/vec4 1, 0, 1;
    %assign/vec4 v000001b55ec12890_0, 0;
    %jmp T_4.3;
T_4.2 ;
    %load/vec4 v000001b55ec12d90_0;
    %addi 1, 0, 10;
    %assign/vec4 v000001b55ec12d90_0, 0;
    %pushi/vec4 0, 0, 1;
    %assign/vec4 v000001b55ec12890_0, 0;
T_4.3 ;
T_4.1 ;
    %jmp T_4;
    .thread T_4;
    .scope S_000001b55ec41990;
T_5 ;
    %wait E_000001b55ec522e0;
    %load/vec4 v000001b55ecab550_0;
    %flag_set/vec4 8;
    %jmp/0xz  T_5.0, 8;
    %pushi/vec4 0, 0, 4;
    %assign/vec4 v000001b55ecaa330_0, 0;
    %pushi/vec4 0, 0, 4;
    %assign/vec4 v000001b55ecaa0b0_0, 0;
    %pushi/vec4 0, 0, 5;
    %assign/vec4 v000001b55ecabaf0_0, 0;
    %jmp T_5.1;
T_5.0 ;
    %load/vec4 v000001b55ecab2d0_0;
    %flag_set/vec4 8;
    %jmp/0xz  T_5.2, 8;
    %load/vec4 v000001b55ecaab50_0;
    %load/vec4 v000001b55ecaa330_0;
    %pad/u 6;
    %ix/vec4 3;
    %ix/load 4, 0, 0; Constant delay
    %assign/vec4/a/d v000001b55eca9d90, 0, 4;
    %load/vec4 v000001b55ecaa330_0;
    %addi 1, 0, 4;
    %assign/vec4 v000001b55ecaa330_0, 0;
T_5.2 ;
    %load/vec4 v000001b55ecaad30_0;
    %flag_set/vec4 8;
    %jmp/0xz  T_5.4, 8;
    %load/vec4 v000001b55ecaa0b0_0;
    %addi 1, 0, 4;
    %assign/vec4 v000001b55ecaa0b0_0, 0;
T_5.4 ;
    %load/vec4 v000001b55ecab2d0_0;
    %load/vec4 v000001b55ecaad30_0;
    %concat/vec4; draw_concat_vec4
    %dup/vec4;
    %pushi/vec4 2, 0, 2;
    %cmp/u;
    %jmp/1 T_5.6, 6;
    %dup/vec4;
    %pushi/vec4 1, 0, 2;
    %cmp/u;
    %jmp/1 T_5.7, 6;
    %load/vec4 v000001b55ecabaf0_0;
    %assign/vec4 v000001b55ecabaf0_0, 0;
    %jmp T_5.9;
T_5.6 ;
    %load/vec4 v000001b55ecabaf0_0;
    %addi 1, 0, 5;
    %assign/vec4 v000001b55ecabaf0_0, 0;
    %jmp T_5.9;
T_5.7 ;
    %load/vec4 v000001b55ecabaf0_0;
    %subi 1, 0, 5;
    %assign/vec4 v000001b55ecabaf0_0, 0;
    %jmp T_5.9;
T_5.9 ;
    %pop/vec4 1;
T_5.1 ;
    %jmp T_5;
    .thread T_5;
    .scope S_000001b55ec41b20;
T_6 ;
    %wait E_000001b55ec522e0;
    %load/vec4 v000001b55ecaaf10_0;
    %flag_set/vec4 8;
    %jmp/0xz  T_6.0, 8;
    %pushi/vec4 0, 0, 2;
    %assign/vec4 v000001b55ecaafb0_0, 0;
    %pushi/vec4 1, 0, 1;
    %assign/vec4 v000001b55ecab4b0_0, 0;
    %pushi/vec4 0, 0, 8;
    %assign/vec4 v000001b55ecaadd0_0, 0;
    %pushi/vec4 0, 0, 3;
    %assign/vec4 v000001b55ecab410_0, 0;
    %jmp T_6.1;
T_6.0 ;
    %load/vec4 v000001b55ecaafb0_0;
    %dup/vec4;
    %pushi/vec4 0, 0, 2;
    %cmp/u;
    %jmp/1 T_6.2, 6;
    %dup/vec4;
    %pushi/vec4 1, 0, 2;
    %cmp/u;
    %jmp/1 T_6.3, 6;
    %dup/vec4;
    %pushi/vec4 2, 0, 2;
    %cmp/u;
    %jmp/1 T_6.4, 6;
    %dup/vec4;
    %pushi/vec4 3, 0, 2;
    %cmp/u;
    %jmp/1 T_6.5, 6;
    %pushi/vec4 0, 0, 2;
    %assign/vec4 v000001b55ecaafb0_0, 0;
    %pushi/vec4 1, 0, 1;
    %assign/vec4 v000001b55ecab4b0_0, 0;
    %pushi/vec4 0, 0, 3;
    %assign/vec4 v000001b55ecab410_0, 0;
    %jmp T_6.7;
T_6.2 ;
    %pushi/vec4 1, 0, 1;
    %assign/vec4 v000001b55ecab4b0_0, 0;
    %pushi/vec4 0, 0, 3;
    %assign/vec4 v000001b55ecab410_0, 0;
    %load/vec4 v000001b55ecab5f0_0;
    %flag_set/vec4 8;
    %jmp/0xz  T_6.8, 8;
    %load/vec4 v000001b55ecaae70_0;
    %assign/vec4 v000001b55ecaadd0_0, 0;
    %pushi/vec4 1, 0, 2;
    %assign/vec4 v000001b55ecaafb0_0, 0;
T_6.8 ;
    %jmp T_6.7;
T_6.3 ;
    %load/vec4 v000001b55ecab690_0;
    %flag_set/vec4 8;
    %jmp/0xz  T_6.10, 8;
    %pushi/vec4 0, 0, 1;
    %assign/vec4 v000001b55ecab4b0_0, 0;
    %pushi/vec4 2, 0, 2;
    %assign/vec4 v000001b55ecaafb0_0, 0;
    %pushi/vec4 0, 0, 3;
    %assign/vec4 v000001b55ecab410_0, 0;
T_6.10 ;
    %jmp T_6.7;
T_6.4 ;
    %load/vec4 v000001b55ecab690_0;
    %flag_set/vec4 8;
    %jmp/0xz  T_6.12, 8;
    %load/vec4 v000001b55ecaadd0_0;
    %load/vec4 v000001b55ecab410_0;
    %part/u 1;
    %assign/vec4 v000001b55ecab4b0_0, 0;
    %load/vec4 v000001b55ecab410_0;
    %cmpi/e 7, 0, 3;
    %jmp/0xz  T_6.14, 4;
    %pushi/vec4 3, 0, 2;
    %assign/vec4 v000001b55ecaafb0_0, 0;
    %jmp T_6.15;
T_6.14 ;
    %load/vec4 v000001b55ecab410_0;
    %addi 1, 0, 3;
    %assign/vec4 v000001b55ecab410_0, 0;
T_6.15 ;
T_6.12 ;
    %jmp T_6.7;
T_6.5 ;
    %load/vec4 v000001b55ecab690_0;
    %flag_set/vec4 8;
    %jmp/0xz  T_6.16, 8;
    %pushi/vec4 1, 0, 1;
    %assign/vec4 v000001b55ecab4b0_0, 0;
    %pushi/vec4 0, 0, 2;
    %assign/vec4 v000001b55ecaafb0_0, 0;
T_6.16 ;
    %jmp T_6.7;
T_6.7 ;
    %pop/vec4 1;
T_6.1 ;
    %jmp T_6;
    .thread T_6;
    .scope S_000001b55ec314d0;
T_7 ;
    %wait E_000001b55ec522e0;
    %load/vec4 v000001b55ec12750_0;
    %flag_set/vec4 8;
    %jmp/0xz  T_7.0, 8;
    %pushi/vec4 0, 0, 2;
    %assign/vec4 v000001b55ec122f0_0, 0;
    %pushi/vec4 0, 0, 4;
    %assign/vec4 v000001b55ec124d0_0, 0;
    %pushi/vec4 0, 0, 4;
    %assign/vec4 v000001b55ec121b0_0, 0;
    %pushi/vec4 0, 0, 8;
    %assign/vec4 v000001b55ec126b0_0, 0;
    %pushi/vec4 0, 0, 8;
    %assign/vec4 v000001b55ec12ed0_0, 0;
    %pushi/vec4 0, 0, 1;
    %assign/vec4 v000001b55ec129d0_0, 0;
    %jmp T_7.1;
T_7.0 ;
    %load/vec4 v000001b55ec12570_0;
    %flag_set/vec4 8;
    %jmp/0xz  T_7.2, 8;
    %pushi/vec4 0, 0, 1;
    %assign/vec4 v000001b55ec129d0_0, 0;
T_7.2 ;
    %load/vec4 v000001b55ec12b10_0;
    %flag_set/vec4 8;
    %jmp/0xz  T_7.4, 8;
    %load/vec4 v000001b55ec122f0_0;
    %dup/vec4;
    %pushi/vec4 0, 0, 2;
    %cmp/u;
    %jmp/1 T_7.6, 6;
    %dup/vec4;
    %pushi/vec4 1, 0, 2;
    %cmp/u;
    %jmp/1 T_7.7, 6;
    %dup/vec4;
    %pushi/vec4 2, 0, 2;
    %cmp/u;
    %jmp/1 T_7.8, 6;
    %dup/vec4;
    %pushi/vec4 3, 0, 2;
    %cmp/u;
    %jmp/1 T_7.9, 6;
    %pushi/vec4 0, 0, 2;
    %assign/vec4 v000001b55ec122f0_0, 0;
    %pushi/vec4 0, 0, 4;
    %assign/vec4 v000001b55ec124d0_0, 0;
    %pushi/vec4 0, 0, 4;
    %assign/vec4 v000001b55ec121b0_0, 0;
    %jmp T_7.11;
T_7.6 ;
    %pushi/vec4 0, 0, 4;
    %assign/vec4 v000001b55ec124d0_0, 0;
    %pushi/vec4 0, 0, 4;
    %assign/vec4 v000001b55ec121b0_0, 0;
    %load/vec4 v000001b55ec12430_0;
    %cmpi/e 0, 0, 1;
    %jmp/0xz  T_7.12, 4;
    %pushi/vec4 1, 0, 2;
    %assign/vec4 v000001b55ec122f0_0, 0;
T_7.12 ;
    %jmp T_7.11;
T_7.7 ;
    %load/vec4 v000001b55ec124d0_0;
    %addi 1, 0, 4;
    %assign/vec4 v000001b55ec124d0_0, 0;
    %load/vec4 v000001b55ec124d0_0;
    %cmpi/e 7, 0, 4;
    %jmp/0xz  T_7.14, 4;
    %load/vec4 v000001b55ec12430_0;
    %cmpi/e 0, 0, 1;
    %jmp/0xz  T_7.16, 4;
    %pushi/vec4 0, 0, 4;
    %assign/vec4 v000001b55ec124d0_0, 0;
    %pushi/vec4 0, 0, 4;
    %assign/vec4 v000001b55ec121b0_0, 0;
    %pushi/vec4 0, 0, 8;
    %assign/vec4 v000001b55ec126b0_0, 0;
    %pushi/vec4 2, 0, 2;
    %assign/vec4 v000001b55ec122f0_0, 0;
    %jmp T_7.17;
T_7.16 ;
    %pushi/vec4 0, 0, 4;
    %assign/vec4 v000001b55ec124d0_0, 0;
    %pushi/vec4 0, 0, 2;
    %assign/vec4 v000001b55ec122f0_0, 0;
T_7.17 ;
T_7.14 ;
    %jmp T_7.11;
T_7.8 ;
    %load/vec4 v000001b55ec124d0_0;
    %addi 1, 0, 4;
    %assign/vec4 v000001b55ec124d0_0, 0;
    %load/vec4 v000001b55ec124d0_0;
    %cmpi/e 15, 0, 4;
    %jmp/0xz  T_7.18, 4;
    %pushi/vec4 0, 0, 4;
    %assign/vec4 v000001b55ec124d0_0, 0;
    %load/vec4 v000001b55ec12430_0;
    %ix/load 5, 0, 0;
    %load/vec4 v000001b55ec121b0_0;
    %parti/s 3, 0, 2;
    %ix/vec4 4;
    %assign/vec4/off/d v000001b55ec126b0_0, 4, 5;
    %load/vec4 v000001b55ec121b0_0;
    %cmpi/e 7, 0, 4;
    %jmp/0xz  T_7.20, 4;
    %pushi/vec4 3, 0, 2;
    %assign/vec4 v000001b55ec122f0_0, 0;
    %jmp T_7.21;
T_7.20 ;
    %load/vec4 v000001b55ec121b0_0;
    %addi 1, 0, 4;
    %assign/vec4 v000001b55ec121b0_0, 0;
T_7.21 ;
T_7.18 ;
    %jmp T_7.11;
T_7.9 ;
    %load/vec4 v000001b55ec124d0_0;
    %addi 1, 0, 4;
    %assign/vec4 v000001b55ec124d0_0, 0;
    %load/vec4 v000001b55ec124d0_0;
    %cmpi/e 15, 0, 4;
    %jmp/0xz  T_7.22, 4;
    %pushi/vec4 0, 0, 4;
    %assign/vec4 v000001b55ec124d0_0, 0;
    %pushi/vec4 0, 0, 2;
    %assign/vec4 v000001b55ec122f0_0, 0;
    %load/vec4 v000001b55ec12430_0;
    %cmpi/e 1, 0, 1;
    %jmp/0xz  T_7.24, 4;
    %load/vec4 v000001b55ec126b0_0;
    %assign/vec4 v000001b55ec12ed0_0, 0;
    %pushi/vec4 1, 0, 1;
    %assign/vec4 v000001b55ec129d0_0, 0;
T_7.24 ;
T_7.22 ;
    %jmp T_7.11;
T_7.11 ;
    %pop/vec4 1;
T_7.4 ;
T_7.1 ;
    %jmp T_7;
    .thread T_7;
    .scope S_000001b55ec1c180;
T_8 ;
    %delay 1000, 0;
    %load/vec4 v000001b55ecaa8d0_0;
    %inv;
    %store/vec4 v000001b55ecaa8d0_0, 0, 1;
    %jmp T_8;
    .thread T_8;
    .scope S_000001b55ec1c180;
T_9 ;
    %pushi/vec4 0, 0, 1;
    %store/vec4 v000001b55ecaa8d0_0, 0, 1;
    %pushi/vec4 1, 0, 1;
    %store/vec4 v000001b55ecb5c50_0, 0, 1;
    %pushi/vec4 0, 0, 8;
    %store/vec4 v000001b55ecaa970_0, 0, 8;
    %pushi/vec4 0, 0, 1;
    %store/vec4 v000001b55ecb5d90_0, 0, 1;
    %pushi/vec4 0, 0, 1;
    %store/vec4 v000001b55ecb59d0_0, 0, 1;
    %wait E_000001b55ec52e60;
    %pushi/vec4 0, 0, 1;
    %store/vec4 v000001b55ecb5c50_0, 0, 1;
    %pushi/vec4 65, 0, 8;
    %store/vec4 v000001b55ecaa790_0, 0, 8;
    %fork TD_uart_top_tb.send_byte, S_000001b55ecb3ef0;
    %join;
    %pushi/vec4 85, 0, 8;
    %store/vec4 v000001b55ecaa790_0, 0, 8;
    %fork TD_uart_top_tb.send_byte, S_000001b55ecb3ef0;
    %join;
    %pushi/vec4 170, 0, 8;
    %store/vec4 v000001b55ecaa790_0, 0, 8;
    %fork TD_uart_top_tb.send_byte, S_000001b55ecb3ef0;
    %join;
    %pushi/vec4 15, 0, 8;
    %store/vec4 v000001b55ecaa790_0, 0, 8;
    %fork TD_uart_top_tb.send_byte, S_000001b55ecb3ef0;
    %join;
    %pushi/vec4 65, 0, 8;
    %store/vec4 v000001b55ecaa6f0_0, 0, 8;
    %fork TD_uart_top_tb.expect_byte, S_000001b55ecb3d60;
    %join;
    %pushi/vec4 85, 0, 8;
    %store/vec4 v000001b55ecaa6f0_0, 0, 8;
    %fork TD_uart_top_tb.expect_byte, S_000001b55ecb3d60;
    %join;
    %pushi/vec4 170, 0, 8;
    %store/vec4 v000001b55ecaa6f0_0, 0, 8;
    %fork TD_uart_top_tb.expect_byte, S_000001b55ecb3d60;
    %join;
    %pushi/vec4 15, 0, 8;
    %store/vec4 v000001b55ecaa6f0_0, 0, 8;
    %fork TD_uart_top_tb.expect_byte, S_000001b55ecb3d60;
    %join;
    %wait E_000001b55ec52e60;
    %pushi/vec4 1, 0, 1;
    %store/vec4 v000001b55ecb5c50_0, 0, 1;
    %wait E_000001b55ec52e60;
    %pushi/vec4 0, 0, 1;
    %store/vec4 v000001b55ecb5c50_0, 0, 1;
    %pushi/vec4 18, 0, 8;
    %store/vec4 v000001b55ecaa790_0, 0, 8;
    %fork TD_uart_top_tb.send_byte, S_000001b55ecb3ef0;
    %join;
    %pushi/vec4 52, 0, 8;
    %store/vec4 v000001b55ecaa790_0, 0, 8;
    %fork TD_uart_top_tb.send_byte, S_000001b55ecb3ef0;
    %join;
    %pushi/vec4 18, 0, 8;
    %store/vec4 v000001b55ecaa6f0_0, 0, 8;
    %fork TD_uart_top_tb.expect_byte, S_000001b55ecb3d60;
    %join;
    %pushi/vec4 52, 0, 8;
    %store/vec4 v000001b55ecaa6f0_0, 0, 8;
    %fork TD_uart_top_tb.expect_byte, S_000001b55ecb3d60;
    %join;
    %vpi_call/w 3 105 "$display", "TB: done" {0 0 0};
    %vpi_call/w 3 106 "$finish" {0 0 0};
    %end;
    .thread T_9;
# The file index is used to find the file name in the following table.
:file_names 9;
    "N/A";
    "<interactive>";
    "-";
    "uart_top_tb.v";
    "uart_top.v";
    "baud_rate_generator.v";
    "uart_receiver.v";
    "uart_fifo.v";
    "uart_sender.v";
