#! /c/Source/iverilog-install/bin/vvp
:ivl_version "12.0 (devel)" "(s20150603-1539-g2693dd32b)";
:ivl_delay_selection "TYPICAL";
:vpi_time_precision - 12;
:vpi_module "C:\iverilog\lib\ivl\system.vpi";
:vpi_module "C:\iverilog\lib\ivl\vhdl_sys.vpi";
:vpi_module "C:\iverilog\lib\ivl\vhdl_textio.vpi";
:vpi_module "C:\iverilog\lib\ivl\v2005_math.vpi";
:vpi_module "C:\iverilog\lib\ivl\va_math.vpi";
:vpi_module "C:\iverilog\lib\ivl\v2009.vpi";
S_00000247b4ce2e50 .scope package, "$unit" "$unit" 2 1;
 .timescale 0 0;
S_00000247b4ce2fe0 .scope module, "uart_receiver" "uart_receiver" 3 3;
 .timescale -9 -12;
    .port_info 0 /INPUT 1 "clk";
    .port_info 1 /INPUT 1 "reset";
    .port_info 2 /INPUT 1 "rx";
    .port_info 3 /INPUT 1 "ready_clear";
    .port_info 4 /INPUT 1 "rx_enable";
    .port_info 5 /OUTPUT 1 "ready";
    .port_info 6 /OUTPUT 8 "data_out";
P_00000247b4e5be40 .param/l "DATAOUT" 0 3 13, C4<01>;
P_00000247b4e5be78 .param/l "START" 0 3 12, C4<00>;
P_00000247b4e5beb0 .param/l "STOP" 0 3 14, C4<10>;
o00000247b4d1ef48 .functor BUFZ 1, C4<z>; HiZ drive
v00000247b4ce33c0_0 .net "clk", 0 0, o00000247b4d1ef48;  0 drivers
v00000247b4ce35e0_0 .var "data_out", 7 0;
v00000247b4e5c2f0_0 .var "index", 3 0;
v00000247b4e5c390_0 .var "ready", 0 0;
o00000247b4d1f008 .functor BUFZ 1, C4<z>; HiZ drive
v00000247b4e5c430_0 .net "ready_clear", 0 0, o00000247b4d1f008;  0 drivers
o00000247b4d1f038 .functor BUFZ 1, C4<z>; HiZ drive
v00000247b4e5c4d0_0 .net "reset", 0 0, o00000247b4d1f038;  0 drivers
o00000247b4d1f068 .functor BUFZ 1, C4<z>; HiZ drive
v00000247b4e5c570_0 .net "rx", 0 0, o00000247b4d1f068;  0 drivers
o00000247b4d1f098 .functor BUFZ 1, C4<z>; HiZ drive
v00000247b4d14130_0 .net "rx_enable", 0 0, o00000247b4d1f098;  0 drivers
v00000247b4d141d0_0 .var "sample", 3 0;
v00000247b4d14270_0 .var "state", 1 0;
v00000247b4d14310_0 .var "temp", 7 0;
E_00000247b4e59c80 .event posedge, v00000247b4ce33c0_0;
    .scope S_00000247b4ce2fe0;
T_0 ;
    %wait E_00000247b4e59c80;
    %load/vec4 v00000247b4e5c4d0_0;
    %flag_set/vec4 8;
    %jmp/0xz  T_0.0, 8;
    %pushi/vec4 0, 0, 2;
    %assign/vec4 v00000247b4d14270_0, 0;
    %pushi/vec4 0, 0, 4;
    %assign/vec4 v00000247b4d141d0_0, 0;
    %pushi/vec4 0, 0, 4;
    %assign/vec4 v00000247b4e5c2f0_0, 0;
    %pushi/vec4 0, 0, 8;
    %assign/vec4 v00000247b4d14310_0, 0;
    %pushi/vec4 0, 0, 8;
    %assign/vec4 v00000247b4ce35e0_0, 0;
    %pushi/vec4 0, 0, 1;
    %assign/vec4 v00000247b4e5c390_0, 0;
    %jmp T_0.1;
T_0.0 ;
    %load/vec4 v00000247b4e5c430_0;
    %flag_set/vec4 8;
    %jmp/0xz  T_0.2, 8;
    %pushi/vec4 0, 0, 1;
    %assign/vec4 v00000247b4e5c390_0, 0;
T_0.2 ;
    %load/vec4 v00000247b4d14130_0;
    %flag_set/vec4 8;
    %jmp/0xz  T_0.4, 8;
    %load/vec4 v00000247b4d14270_0;
    %dup/vec4;
    %pushi/vec4 0, 0, 2;
    %cmp/u;
    %jmp/1 T_0.6, 6;
    %dup/vec4;
    %pushi/vec4 1, 0, 2;
    %cmp/u;
    %jmp/1 T_0.7, 6;
    %dup/vec4;
    %pushi/vec4 2, 0, 2;
    %cmp/u;
    %jmp/1 T_0.8, 6;
    %pushi/vec4 0, 0, 2;
    %assign/vec4 v00000247b4d14270_0, 0;
    %pushi/vec4 0, 0, 4;
    %assign/vec4 v00000247b4d141d0_0, 0;
    %pushi/vec4 0, 0, 4;
    %assign/vec4 v00000247b4e5c2f0_0, 0;
    %jmp T_0.10;
T_0.6 ;
    %load/vec4 v00000247b4e5c570_0;
    %cmpi/e 0, 0, 1;
    %jmp/0xz  T_0.11, 4;
    %load/vec4 v00000247b4d141d0_0;
    %addi 1, 0, 4;
    %assign/vec4 v00000247b4d141d0_0, 0;
    %load/vec4 v00000247b4d141d0_0;
    %cmpi/e 15, 0, 4;
    %jmp/0xz  T_0.13, 4;
    %pushi/vec4 0, 0, 4;
    %assign/vec4 v00000247b4d141d0_0, 0;
    %pushi/vec4 0, 0, 4;
    %assign/vec4 v00000247b4e5c2f0_0, 0;
    %pushi/vec4 0, 0, 8;
    %assign/vec4 v00000247b4d14310_0, 0;
    %pushi/vec4 1, 0, 2;
    %assign/vec4 v00000247b4d14270_0, 0;
T_0.13 ;
    %jmp T_0.12;
T_0.11 ;
    %pushi/vec4 0, 0, 4;
    %assign/vec4 v00000247b4d141d0_0, 0;
T_0.12 ;
    %jmp T_0.10;
T_0.7 ;
    %load/vec4 v00000247b4d141d0_0;
    %addi 1, 0, 4;
    %assign/vec4 v00000247b4d141d0_0, 0;
    %load/vec4 v00000247b4d141d0_0;
    %cmpi/e 7, 0, 4;
    %jmp/0xz  T_0.15, 4;
    %load/vec4 v00000247b4e5c570_0;
    %ix/load 5, 0, 0;
    %load/vec4 v00000247b4e5c2f0_0;
    %parti/s 3, 0, 2;
    %ix/vec4 4;
    %assign/vec4/off/d v00000247b4d14310_0, 4, 5;
    %load/vec4 v00000247b4e5c2f0_0;
    %addi 1, 0, 4;
    %assign/vec4 v00000247b4e5c2f0_0, 0;
T_0.15 ;
    %load/vec4 v00000247b4e5c2f0_0;
    %cmpi/e 8, 0, 4;
    %flag_get/vec4 4;
    %jmp/0 T_0.19, 4;
    %load/vec4 v00000247b4d141d0_0;
    %pushi/vec4 15, 0, 4;
    %cmp/e;
    %flag_get/vec4 4;
    %and;
T_0.19;
    %flag_set/vec4 8;
    %jmp/0xz  T_0.17, 8;
    %pushi/vec4 0, 0, 4;
    %assign/vec4 v00000247b4d141d0_0, 0;
    %pushi/vec4 2, 0, 2;
    %assign/vec4 v00000247b4d14270_0, 0;
T_0.17 ;
    %jmp T_0.10;
T_0.8 ;
    %load/vec4 v00000247b4d141d0_0;
    %addi 1, 0, 4;
    %assign/vec4 v00000247b4d141d0_0, 0;
    %load/vec4 v00000247b4d141d0_0;
    %cmpi/e 15, 0, 4;
    %jmp/0xz  T_0.20, 4;
    %pushi/vec4 0, 0, 2;
    %assign/vec4 v00000247b4d14270_0, 0;
    %pushi/vec4 0, 0, 4;
    %assign/vec4 v00000247b4d141d0_0, 0;
    %load/vec4 v00000247b4d14310_0;
    %assign/vec4 v00000247b4ce35e0_0, 0;
    %pushi/vec4 1, 0, 1;
    %assign/vec4 v00000247b4e5c390_0, 0;
T_0.20 ;
    %jmp T_0.10;
T_0.10 ;
    %pop/vec4 1;
T_0.4 ;
T_0.1 ;
    %jmp T_0;
    .thread T_0;
# The file index is used to find the file name in the following table.
:file_names 4;
    "N/A";
    "<interactive>";
    "-";
    "uart_receiver.v";
