#! /c/Source/iverilog-install/bin/vvp
:ivl_version "12.0 (devel)" "(s20150603-1539-g2693dd32b)";
:ivl_delay_selection "TYPICAL";
:vpi_time_precision - 12;
:vpi_module "C:\iverilog\lib\ivl\system.vpi";
:vpi_module "C:\iverilog\lib\ivl\vhdl_sys.vpi";
:vpi_module "C:\iverilog\lib\ivl\vhdl_textio.vpi";
:vpi_module "C:\iverilog\lib\ivl\v2005_math.vpi";
:vpi_module "C:\iverilog\lib\ivl\va_math.vpi";
:vpi_module "C:\iverilog\lib\ivl\v2009.vpi";
S_0000022567dfa8e0 .scope package, "$unit" "$unit" 2 1;
 .timescale 0 0;
S_0000022567dfaa70 .scope module, "uart_top_tb" "uart_top_tb" 3 3;
 .timescale -9 -12;
v0000022567e5ffe0_0 .net "busy", 0 0, L_0000022567dfd450;  1 drivers
v0000022567e60120_0 .var "clk", 0 0;
v0000022567e60a80_0 .var "data_in", 7 0;
v0000022567e60c60_0 .net "data_out", 7 0, v0000022567e06700_0;  1 drivers
v0000022567e64820_0 .net "rdy", 0 0, v0000022567e062a0_0;  1 drivers
v0000022567e657c0_0 .var "rdy_clr", 0 0;
v0000022567e63ce0_0 .var "reset", 0 0;
v0000022567e64280_0 .var "write_enable", 0 0;
S_0000022567df7590 .scope task, "clear_ready" "clear_ready" 3 40, 3 40 0, S_0000022567dfaa70;
 .timescale -9 -12;
E_0000022567e08780 .event negedge, v0000022567e06840_0;
TD_uart_top_tb.clear_ready ;
    %wait E_0000022567e08780;
    %pushi/vec4 1, 0, 1;
    %store/vec4 v0000022567e657c0_0, 0, 1;
    %wait E_0000022567e08780;
    %pushi/vec4 0, 0, 1;
    %store/vec4 v0000022567e657c0_0, 0, 1;
    %end;
S_0000022567df7720 .scope module, "dut" "uart_top" 3 14, 4 3 0, S_0000022567dfaa70;
 .timescale -9 -12;
    .port_info 0 /INPUT 1 "clk";
    .port_info 1 /INPUT 1 "reset";
    .port_info 2 /INPUT 8 "data_in";
    .port_info 3 /INPUT 1 "write_enable";
    .port_info 4 /INPUT 1 "rdy_clr";
    .port_info 5 /OUTPUT 1 "rdy";
    .port_info 6 /OUTPUT 1 "busy";
    .port_info 7 /OUTPUT 8 "data_out";
L_0000022567e90088 .functor BUFT 1, C4<0>, C4<0>, C4<0>, C4<0>;
L_0000022567dfd990 .functor XNOR 1, L_0000022567e65720, L_0000022567e90088, C4<0>, C4<0>;
L_0000022567dfdc30 .functor AND 1, L_0000022567e65860, L_0000022567dfd990, C4<1>, C4<1>;
L_0000022567dfd450 .functor BUFZ 1, L_0000022567e65720, C4<0>, C4<0>, C4<0>;
v0000022567e5fae0_0 .net *"_ivl_1", 0 0, L_0000022567e65860;  1 drivers
v0000022567e5fb80_0 .net/2u *"_ivl_2", 0 0, L_0000022567e90088;  1 drivers
v0000022567e5fc20_0 .net *"_ivl_4", 0 0, L_0000022567dfd990;  1 drivers
v0000022567e5fcc0_0 .net "busy", 0 0, L_0000022567dfd450;  alias, 1 drivers
v0000022567e61020_0 .net "clk", 0 0, v0000022567e60120_0;  1 drivers
v0000022567e60760_0 .net "data_in", 7 0, v0000022567e60a80_0;  1 drivers
v0000022567e60260_0 .net "data_out", 7 0, v0000022567e06700_0;  alias, 1 drivers
v0000022567e60800_0 .net "rdy", 0 0, v0000022567e062a0_0;  alias, 1 drivers
v0000022567e5ff40_0 .net "rdy_clr", 0 0, v0000022567e657c0_0;  1 drivers
v0000022567e5fd60_0 .net "reset", 0 0, v0000022567e63ce0_0;  1 drivers
v0000022567e61160_0 .net "rx_en", 0 0, v0000022567e06a20_0;  1 drivers
v0000022567e608a0_0 .net "tx_busy", 0 0, L_0000022567e65720;  1 drivers
v0000022567e61200_0 .net "tx_clock_enable", 0 0, v0000022567e06f20_0;  1 drivers
v0000022567e612a0_0 .net "tx_fifo_dout", 7 0, L_0000022567dfd3e0;  1 drivers
v0000022567e61340_0 .net "tx_fifo_empty", 0 0, L_0000022567e65900;  1 drivers
v0000022567e60b20_0 .net "tx_fifo_full", 0 0, L_0000022567e64000;  1 drivers
v0000022567e60940_0 .net "tx_line", 0 0, v0000022567e603a0_0;  1 drivers
v0000022567e5fe00_0 .net "tx_start", 0 0, L_0000022567dfdc30;  1 drivers
v0000022567e60080_0 .net "write_enable", 0 0, v0000022567e64280_0;  1 drivers
L_0000022567e65860 .reduce/nor L_0000022567e65900;
S_0000022567de1150 .scope module, "brg" "baud_rate_generator" 4 28, 5 3 0, S_0000022567df7720;
 .timescale -9 -12;
    .port_info 0 /INPUT 1 "clk";
    .port_info 1 /INPUT 1 "reset";
    .port_info 2 /OUTPUT 1 "tx_enable";
    .port_info 3 /OUTPUT 1 "rx_en";
P_0000022567d88900 .param/l "RX_DIV" 0 5 10, +C4<00000000000000000000000101000101>;
P_0000022567d88938 .param/l "TX_DIV" 0 5 9, +C4<00000000000000000001010001011000>;
v0000022567e06840_0 .net "clk", 0 0, v0000022567e60120_0;  alias, 1 drivers
v0000022567e06340_0 .net "reset", 0 0, v0000022567e63ce0_0;  alias, 1 drivers
v0000022567e06480_0 .var "rx_counter", 9 0;
v0000022567e06a20_0 .var "rx_en", 0 0;
v0000022567e06ac0_0 .var "tx_counter", 12 0;
v0000022567e06f20_0 .var "tx_enable", 0 0;
E_0000022567e07900 .event posedge, v0000022567e06840_0;
S_0000022567de12e0 .scope module, "rx_inst" "uart_receiver" 4 59, 6 3 0, S_0000022567df7720;
 .timescale -9 -12;
    .port_info 0 /INPUT 1 "clk";
    .port_info 1 /INPUT 1 "rst";
    .port_info 2 /INPUT 1 "rx";
    .port_info 3 /INPUT 1 "rdy_clr";
    .port_info 4 /INPUT 1 "rx_en";
    .port_info 5 /OUTPUT 1 "rdy";
    .port_info 6 /OUTPUT 8 "data_out";
P_0000022567d8bd30 .param/l "DATAOUT" 0 6 13, C4<01>;
P_0000022567d8bd68 .param/l "START" 0 6 12, C4<00>;
P_0000022567d8bda0 .param/l "STOP" 0 6 14, C4<10>;
v0000022567e068e0_0 .net "clk", 0 0, v0000022567e60120_0;  alias, 1 drivers
v0000022567e06700_0 .var "data_out", 7 0;
v0000022567e065c0_0 .var "index", 3 0;
v0000022567e062a0_0 .var "rdy", 0 0;
v0000022567e06660_0 .net "rdy_clr", 0 0, v0000022567e657c0_0;  alias, 1 drivers
v0000022567e063e0_0 .net "rst", 0 0, v0000022567e63ce0_0;  alias, 1 drivers
v0000022567e06c00_0 .net "rx", 0 0, v0000022567e603a0_0;  alias, 1 drivers
v0000022567e067a0_0 .net "rx_en", 0 0, v0000022567e06a20_0;  alias, 1 drivers
v0000022567e06d40_0 .var "sample", 3 0;
v0000022567e06200_0 .var "state", 1 0;
v0000022567e06980_0 .var "temp", 7 0;
S_0000022567de9ff0 .scope module, "tx_fifo" "uart_fifo" 4 35, 7 7 0, S_0000022567df7720;
 .timescale -9 -12;
    .port_info 0 /INPUT 1 "clk";
    .port_info 1 /INPUT 1 "reset";
    .port_info 2 /INPUT 1 "wr_en";
    .port_info 3 /INPUT 8 "wr_data";
    .port_info 4 /OUTPUT 1 "full";
    .port_info 5 /INPUT 1 "rd_en";
    .port_info 6 /OUTPUT 8 "rd_data";
    .port_info 7 /OUTPUT 1 "empty";
L_0000022567dfd3e0 .functor BUFZ 8, L_0000022567e659a0, C4<00000000>, C4<00000000>, C4<00000000>;
L_0000022567dfcea0 .functor AND 1, v0000022567e64280_0, L_0000022567e65680, C4<1>, C4<1>;
L_0000022567dfcff0 .functor AND 1, L_0000022567dfdc30, L_0000022567e64be0, C4<1>, C4<1>;
L_0000022567e900d0 .functor BUFT 1, C4<00000>, C4<0>, C4<0>, C4<0>;
v0000022567e06520_0 .net/2u *"_ivl_0", 4 0, L_0000022567e900d0;  1 drivers
v0000022567e06b60_0 .net *"_ivl_10", 5 0, L_0000022567e65a40;  1 drivers
L_0000022567e90160 .functor BUFT 1, C4<00>, C4<0>, C4<0>, C4<0>;
v0000022567e06de0_0 .net *"_ivl_13", 1 0, L_0000022567e90160;  1 drivers
v0000022567e06ca0_0 .net *"_ivl_17", 0 0, L_0000022567e65680;  1 drivers
v0000022567e06e80_0 .net *"_ivl_21", 0 0, L_0000022567e64be0;  1 drivers
L_0000022567e90118 .functor BUFT 1, C4<10000>, C4<0>, C4<0>, C4<0>;
v0000022567e06020_0 .net/2u *"_ivl_4", 4 0, L_0000022567e90118;  1 drivers
v0000022567e060c0_0 .net *"_ivl_8", 7 0, L_0000022567e659a0;  1 drivers
v0000022567e60d00_0 .net "clk", 0 0, v0000022567e60120_0;  alias, 1 drivers
v0000022567e615c0_0 .var "count", 4 0;
v0000022567e613e0_0 .net "do_read", 0 0, L_0000022567dfcff0;  1 drivers
v0000022567e604e0_0 .net "do_write", 0 0, L_0000022567dfcea0;  1 drivers
v0000022567e61520_0 .net "empty", 0 0, L_0000022567e65900;  alias, 1 drivers
v0000022567e61660_0 .net "full", 0 0, L_0000022567e64000;  alias, 1 drivers
v0000022567e60da0 .array "mem", 15 0, 7 0;
v0000022567e5f9a0_0 .net "rd_data", 7 0, L_0000022567dfd3e0;  alias, 1 drivers
v0000022567e60e40_0 .net "rd_en", 0 0, L_0000022567dfdc30;  alias, 1 drivers
v0000022567e60440_0 .var "rd_ptr", 3 0;
v0000022567e60ee0_0 .net "reset", 0 0, v0000022567e63ce0_0;  alias, 1 drivers
v0000022567e60bc0_0 .net "wr_data", 7 0, v0000022567e60a80_0;  alias, 1 drivers
v0000022567e60f80_0 .net "wr_en", 0 0, v0000022567e64280_0;  alias, 1 drivers
v0000022567e61480_0 .var "wr_ptr", 3 0;
L_0000022567e65900 .cmp/eq 5, v0000022567e615c0_0, L_0000022567e900d0;
L_0000022567e64000 .cmp/eq 5, v0000022567e615c0_0, L_0000022567e90118;
L_0000022567e659a0 .array/port v0000022567e60da0, L_0000022567e65a40;
L_0000022567e65a40 .concat [ 4 2 0 0], v0000022567e60440_0, L_0000022567e90160;
L_0000022567e65680 .reduce/nor L_0000022567e64000;
L_0000022567e64be0 .reduce/nor L_0000022567e65900;
S_0000022567dea180 .scope module, "tx_inst" "uart_sender" 4 46, 8 3 0, S_0000022567df7720;
 .timescale -9 -12;
    .port_info 0 /INPUT 1 "clk";
    .port_info 1 /INPUT 1 "rst";
    .port_info 2 /INPUT 1 "wr_en";
    .port_info 3 /INPUT 1 "tx_en";
    .port_info 4 /INPUT 8 "data_in";
    .port_info 5 /OUTPUT 1 "tx";
    .port_info 6 /OUTPUT 1 "busy";
P_0000022567dea310 .param/l "DATA" 0 8 14, C4<10>;
P_0000022567dea348 .param/l "IDLE" 0 8 12, C4<00>;
P_0000022567dea380 .param/l "START" 0 8 13, C4<01>;
P_0000022567dea3b8 .param/l "STOP" 0 8 15, C4<11>;
L_0000022567e901a8 .functor BUFT 1, C4<00>, C4<0>, C4<0>, C4<0>;
v0000022567e61700_0 .net/2u *"_ivl_0", 1 0, L_0000022567e901a8;  1 drivers
v0000022567e617a0_0 .net "busy", 0 0, L_0000022567e65720;  alias, 1 drivers
v0000022567e601c0_0 .net "clk", 0 0, v0000022567e60120_0;  alias, 1 drivers
v0000022567e610c0_0 .var "data", 7 0;
v0000022567e61840_0 .net "data_in", 7 0, L_0000022567dfd3e0;  alias, 1 drivers
v0000022567e60580_0 .var "index", 2 0;
v0000022567e5fa40_0 .net "rst", 0 0, v0000022567e63ce0_0;  alias, 1 drivers
v0000022567e60620_0 .var "state", 1 0;
v0000022567e603a0_0 .var "tx", 0 0;
v0000022567e606c0_0 .net "tx_en", 0 0, v0000022567e06f20_0;  alias, 1 drivers
v0000022567e60300_0 .net "wr_en", 0 0, L_0000022567dfdc30;  alias, 1 drivers
L_0000022567e65720 .cmp/ne 2, v0000022567e60620_0, L_0000022567e901a8;
S_0000022567e63970 .scope task, "expect_byte" "expect_byte" 3 49, 3 49 0, S_0000022567dfaa70;
 .timescale -9 -12;
v0000022567e609e0_0 .var "exp", 7 0;
E_0000022567e07040 .event anyedge, v0000022567e062a0_0;
TD_uart_top_tb.expect_byte ;
T_1.0 ;
    %load/vec4 v0000022567e64820_0;
    %pushi/vec4 0, 0, 1;
    %cmp/e;
    %flag_get/vec4 4;
    %cmpi/ne 1, 0, 1;
    %jmp/0xz T_1.1, 6;
    %wait E_0000022567e07040;
    %jmp T_1.0;
T_1.1 ;
T_1.2 ;
    %load/vec4 v0000022567e64820_0;
    %pushi/vec4 1, 0, 1;
    %cmp/e;
    %flag_get/vec4 4;
    %cmpi/ne 1, 0, 1;
    %jmp/0xz T_1.3, 6;
    %wait E_0000022567e07040;
    %jmp T_1.2;
T_1.3 ;
    %load/vec4 v0000022567e60c60_0;
    %load/vec4 v0000022567e609e0_0;
    %cmp/ne;
    %jmp/0xz  T_1.4, 6;
    %vpi_call/w 3 57 "$display", "TB ERROR: expected %h, got %h at time %0t", v0000022567e609e0_0, v0000022567e60c60_0, $time {0 0 0};
    %vpi_call/w 3 58 "$finish" {0 0 0};
    %jmp T_1.5;
T_1.4 ;
    %vpi_call/w 3 60 "$display", "TB: received %h OK at time %0t", v0000022567e60c60_0, $time {0 0 0};
T_1.5 ;
    %fork TD_uart_top_tb.clear_ready, S_0000022567df7590;
    %join;
    %end;
S_0000022567e63b00 .scope task, "send_byte" "send_byte" 3 28, 3 28 0, S_0000022567dfaa70;
 .timescale -9 -12;
v0000022567e5fea0_0 .var "d", 7 0;
TD_uart_top_tb.send_byte ;
    %wait E_0000022567e08780;
    %vpi_call/w 3 32 "$display", "TB: send %h (tx_busy=%b) at time %0t", v0000022567e5fea0_0, v0000022567e5ffe0_0, $time {0 0 0};
    %load/vec4 v0000022567e5fea0_0;
    %store/vec4 v0000022567e60a80_0, 0, 8;
    %pushi/vec4 1, 0, 1;
    %store/vec4 v0000022567e64280_0, 0, 1;
    %wait E_0000022567e08780;
    %pushi/vec4 0, 0, 1;
    %store/vec4 v0000022567e64280_0, 0, 1;
    %end;
    .scope S_0000022567de1150;
T_3 ;
    %wait E_0000022567e07900;
    %load/vec4 v0000022567e06340_0;
    %flag_set/vec4 8;
    %jmp/0xz  T_3.0, 8;
    %pushi/vec4 0, 0, 13;
    %assign/vec4 v0000022567e06ac0_0, 0;
    %pushi/vec4 0, 0, 1;
    %assign/vec4 v0000022567e06f20_0, 0;
    %jmp T_3.1;
T_3.0 ;
    %load/vec4 v0000022567e06ac0_0;
    %pad/u 32;
    %cmpi/e 5207, 0, 32;
    %jmp/0xz  T_3.2, 4;
    %pushi/vec4 0, 0, 13;
    %assign/vec4 v0000022567e06ac0_0, 0;
    %pushi/vec4 1, 0, 1;
    %assign/vec4 v0000022567e06f20_0, 0;
    %jmp T_3.3;
T_3.2 ;
    %load/vec4 v0000022567e06ac0_0;
    %addi 1, 0, 13;
    %assign/vec4 v0000022567e06ac0_0, 0;
    %pushi/vec4 0, 0, 1;
    %assign/vec4 v0000022567e06f20_0, 0;
T_3.3 ;
T_3.1 ;
    %jmp T_3;
    .thread T_3;
    .scope S_0000022567de1150;
T_4 ;
    %wait E_0000022567e07900;
    %load/vec4 v0000022567e06340_0;
    %flag_set/vec4 8;
    %jmp/0xz  T_4.0, 8;
    %pushi/vec4 0, 0, 10;
    %assign/vec4 v0000022567e06480_0, 0;
    %pushi/vec4 0, 0, 1;
    %assign/vec4 v0000022567e06a20_0, 0;
    %jmp T_4.1;
T_4.0 ;
    %load/vec4 v0000022567e06480_0;
    %pad/u 32;
    %cmpi/e 324, 0, 32;
    %jmp/0xz  T_4.2, 4;
    %pushi/vec4 0, 0, 10;
    %assign/vec4 v0000022567e06480_0, 0;
    %pushi/vec4 1, 0, 1;
    %assign/vec4 v0000022567e06a20_0, 0;
    %jmp T_4.3;
T_4.2 ;
    %load/vec4 v0000022567e06480_0;
    %addi 1, 0, 10;
    %assign/vec4 v0000022567e06480_0, 0;
    %pushi/vec4 0, 0, 1;
    %assign/vec4 v0000022567e06a20_0, 0;
T_4.3 ;
T_4.1 ;
    %jmp T_4;
    .thread T_4;
    .scope S_0000022567de9ff0;
T_5 ;
    %wait E_0000022567e07900;
    %load/vec4 v0000022567e60ee0_0;
    %flag_set/vec4 8;
    %jmp/0xz  T_5.0, 8;
    %pushi/vec4 0, 0, 4;
    %assign/vec4 v0000022567e61480_0, 0;
    %pushi/vec4 0, 0, 4;
    %assign/vec4 v0000022567e60440_0, 0;
    %pushi/vec4 0, 0, 5;
    %assign/vec4 v0000022567e615c0_0, 0;
    %jmp T_5.1;
T_5.0 ;
    %load/vec4 v0000022567e604e0_0;
    %flag_set/vec4 8;
    %jmp/0xz  T_5.2, 8;
    %load/vec4 v0000022567e60bc0_0;
    %load/vec4 v0000022567e61480_0;
    %pad/u 6;
    %ix/vec4 3;
    %ix/load 4, 0, 0; Constant delay
    %assign/vec4/a/d v0000022567e60da0, 0, 4;
    %load/vec4 v0000022567e61480_0;
    %addi 1, 0, 4;
    %assign/vec4 v0000022567e61480_0, 0;
T_5.2 ;
    %load/vec4 v0000022567e613e0_0;
    %flag_set/vec4 8;
    %jmp/0xz  T_5.4, 8;
    %load/vec4 v0000022567e60440_0;
    %addi 1, 0, 4;
    %assign/vec4 v0000022567e60440_0, 0;
T_5.4 ;
    %load/vec4 v0000022567e604e0_0;
    %load/vec4 v0000022567e613e0_0;
    %concat/vec4; draw_concat_vec4
    %dup/vec4;
    %pushi/vec4 2, 0, 2;
    %cmp/u;
    %jmp/1 T_5.6, 6;
    %dup/vec4;
    %pushi/vec4 1, 0, 2;
    %cmp/u;
    %jmp/1 T_5.7, 6;
    %load/vec4 v0000022567e615c0_0;
    %assign/vec4 v0000022567e615c0_0, 0;
    %jmp T_5.9;
T_5.6 ;
    %load/vec4 v0000022567e615c0_0;
    %addi 1, 0, 5;
    %assign/vec4 v0000022567e615c0_0, 0;
    %jmp T_5.9;
T_5.7 ;
    %load/vec4 v0000022567e615c0_0;
    %subi 1, 0, 5;
    %assign/vec4 v0000022567e615c0_0, 0;
    %jmp T_5.9;
T_5.9 ;
    %pop/vec4 1;
T_5.1 ;
    %jmp T_5;
    .thread T_5;
    .scope S_0000022567dea180;
T_6 ;
    %wait E_0000022567e07900;
    %load/vec4 v0000022567e5fa40_0;
    %flag_set/vec4 8;
    %jmp/0xz  T_6.0, 8;
    %pushi/vec4 0, 0, 2;
    %assign/vec4 v0000022567e60620_0, 0;
    %pushi/vec4 1, 0, 1;
    %assign/vec4 v0000022567e603a0_0, 0;
    %pushi/vec4 0, 0, 8;
    %assign/vec4 v0000022567e610c0_0, 0;
    %pushi/vec4 0, 0, 3;
    %assign/vec4 v0000022567e60580_0, 0;
    %jmp T_6.1;
T_6.0 ;
    %load/vec4 v0000022567e60620_0;
    %dup/vec4;
    %pushi/vec4 0, 0, 2;
    %cmp/u;
    %jmp/1 T_6.2, 6;
    %dup/vec4;
    %pushi/vec4 1, 0, 2;
    %cmp/u;
    %jmp/1 T_6.3, 6;
    %dup/vec4;
    %pushi/vec4 2, 0, 2;
    %cmp/u;
    %jmp/1 T_6.4, 6;
    %dup/vec4;
    %pushi/vec4 3, 0, 2;
    %cmp/u;
    %jmp/1 T_6.5, 6;
    %pushi/vec4 0, 0, 2;
    %assign/vec4 v0000022567e60620_0, 0;
    %pushi/vec4 1, 0, 1;
    %assign/vec4 v0000022567e603a0_0, 0;
    %pushi/vec4 0, 0, 3;
    %assign/vec4 v0000022567e60580_0, 0;
    %jmp T_6.7;
T_6.2 ;
    %pushi/vec4 1, 0, 1;
    %assign/vec4 v0000022567e603a0_0, 0;
    %pushi/vec4 0, 0, 3;
    %assign/vec4 v0000022567e60580_0, 0;
    %load/vec4 v0000022567e60300_0;
    %flag_set/vec4 8;
    %jmp/0xz  T_6.8, 8;
    %load/vec4 v0000022567e61840_0;
    %assign/vec4 v0000022567e610c0_0, 0;
    %pushi/vec4 1, 0, 2;
    %assign/vec4 v0000022567e60620_0, 0;
T_6.8 ;
    %jmp T_6.7;
T_6.3 ;
    %load/vec4 v0000022567e606c0_0;
    %flag_set/vec4 8;
    %jmp/0xz  T_6.10, 8;
    %pushi/vec4 0, 0, 1;
    %assign/vec4 v0000022567e603a0_0, 0;
    %pushi/vec4 2, 0, 2;
    %assign/vec4 v0000022567e60620_0, 0;
    %pushi/vec4 0, 0, 3;
    %assign/vec4 v0000022567e60580_0, 0;
T_6.10 ;
    %jmp T_6.7;
T_6.4 ;
    %load/vec4 v0000022567e606c0_0;
    %flag_set/vec4 8;
    %jmp/0xz  T_6.12, 8;
    %load/vec4 v0000022567e610c0_0;
    %load/vec4 v0000022567e60580_0;
    %part/u 1;
    %assign/vec4 v0000022567e603a0_0, 0;
    %load/vec4 v0000022567e60580_0;
    %cmpi/e 7, 0, 3;
    %jmp/0xz  T_6.14, 4;
    %pushi/vec4 3, 0, 2;
    %assign/vec4 v0000022567e60620_0, 0;
    %jmp T_6.15;
T_6.14 ;
    %load/vec4 v0000022567e60580_0;
    %addi 1, 0, 3;
    %assign/vec4 v0000022567e60580_0, 0;
T_6.15 ;
T_6.12 ;
    %jmp T_6.7;
T_6.5 ;
    %load/vec4 v0000022567e606c0_0;
    %flag_set/vec4 8;
    %jmp/0xz  T_6.16, 8;
    %pushi/vec4 1, 0, 1;
    %assign/vec4 v0000022567e603a0_0, 0;
    %pushi/vec4 0, 0, 2;
    %assign/vec4 v0000022567e60620_0, 0;
T_6.16 ;
    %jmp T_6.7;
T_6.7 ;
    %pop/vec4 1;
T_6.1 ;
    %jmp T_6;
    .thread T_6;
    .scope S_0000022567de12e0;
T_7 ;
    %wait E_0000022567e07900;
    %load/vec4 v0000022567e063e0_0;
    %flag_set/vec4 8;
    %jmp/0xz  T_7.0, 8;
    %pushi/vec4 0, 0, 2;
    %assign/vec4 v0000022567e06200_0, 0;
    %pushi/vec4 0, 0, 4;
    %assign/vec4 v0000022567e06d40_0, 0;
    %pushi/vec4 0, 0, 4;
    %assign/vec4 v0000022567e065c0_0, 0;
    %pushi/vec4 0, 0, 8;
    %assign/vec4 v0000022567e06980_0, 0;
    %pushi/vec4 0, 0, 8;
    %assign/vec4 v0000022567e06700_0, 0;
    %pushi/vec4 0, 0, 1;
    %assign/vec4 v0000022567e062a0_0, 0;
    %jmp T_7.1;
T_7.0 ;
    %load/vec4 v0000022567e06660_0;
    %flag_set/vec4 8;
    %jmp/0xz  T_7.2, 8;
    %pushi/vec4 0, 0, 1;
    %assign/vec4 v0000022567e062a0_0, 0;
T_7.2 ;
    %load/vec4 v0000022567e067a0_0;
    %flag_set/vec4 8;
    %jmp/0xz  T_7.4, 8;
    %load/vec4 v0000022567e06200_0;
    %dup/vec4;
    %pushi/vec4 0, 0, 2;
    %cmp/u;
    %jmp/1 T_7.6, 6;
    %dup/vec4;
    %pushi/vec4 1, 0, 2;
    %cmp/u;
    %jmp/1 T_7.7, 6;
    %dup/vec4;
    %pushi/vec4 2, 0, 2;
    %cmp/u;
    %jmp/1 T_7.8, 6;
    %pushi/vec4 0, 0, 2;
    %assign/vec4 v0000022567e06200_0, 0;
    %pushi/vec4 0, 0, 4;
    %assign/vec4 v0000022567e06d40_0, 0;
    %pushi/vec4 0, 0, 4;
    %assign/vec4 v0000022567e065c0_0, 0;
    %jmp T_7.10;
T_7.6 ;
    %load/vec4 v0000022567e06c00_0;
    %cmpi/e 0, 0, 1;
    %jmp/0xz  T_7.11, 4;
    %load/vec4 v0000022567e06d40_0;
    %addi 1, 0, 4;
    %assign/vec4 v0000022567e06d40_0, 0;
    %load/vec4 v0000022567e06d40_0;
    %cmpi/e 15, 0, 4;
    %jmp/0xz  T_7.13, 4;
    %pushi/vec4 0, 0, 4;
    %assign/vec4 v0000022567e06d40_0, 0;
    %pushi/vec4 0, 0, 4;
    %assign/vec4 v0000022567e065c0_0, 0;
    %pushi/vec4 0, 0, 8;
    %assign/vec4 v0000022567e06980_0, 0;
    %pushi/vec4 1, 0, 2;
    %assign/vec4 v0000022567e06200_0, 0;
T_7.13 ;
    %jmp T_7.12;
T_7.11 ;
    %pushi/vec4 0, 0, 4;
    %assign/vec4 v0000022567e06d40_0, 0;
T_7.12 ;
    %jmp T_7.10;
T_7.7 ;
    %load/vec4 v0000022567e06d40_0;
    %addi 1, 0, 4;
    %assign/vec4 v0000022567e06d40_0, 0;
    %load/vec4 v0000022567e06d40_0;
    %cmpi/e 7, 0, 4;
    %jmp/0xz  T_7.15, 4;
    %load/vec4 v0000022567e06c00_0;
    %ix/load 5, 0, 0;
    %load/vec4 v0000022567e065c0_0;
    %parti/s 3, 0, 2;
    %ix/vec4 4;
    %assign/vec4/off/d v0000022567e06980_0, 4, 5;
    %load/vec4 v0000022567e065c0_0;
    %addi 1, 0, 4;
    %assign/vec4 v0000022567e065c0_0, 0;
T_7.15 ;
    %load/vec4 v0000022567e065c0_0;
    %cmpi/e 8, 0, 4;
    %flag_get/vec4 4;
    %jmp/0 T_7.19, 4;
    %load/vec4 v0000022567e06d40_0;
    %pushi/vec4 15, 0, 4;
    %cmp/e;
    %flag_get/vec4 4;
    %and;
T_7.19;
    %flag_set/vec4 8;
    %jmp/0xz  T_7.17, 8;
    %pushi/vec4 0, 0, 4;
    %assign/vec4 v0000022567e06d40_0, 0;
    %pushi/vec4 2, 0, 2;
    %assign/vec4 v0000022567e06200_0, 0;
T_7.17 ;
    %jmp T_7.10;
T_7.8 ;
    %load/vec4 v0000022567e06d40_0;
    %addi 1, 0, 4;
    %assign/vec4 v0000022567e06d40_0, 0;
    %load/vec4 v0000022567e06d40_0;
    %cmpi/e 15, 0, 4;
    %jmp/0xz  T_7.20, 4;
    %pushi/vec4 0, 0, 2;
    %assign/vec4 v0000022567e06200_0, 0;
    %pushi/vec4 0, 0, 4;
    %assign/vec4 v0000022567e06d40_0, 0;
    %load/vec4 v0000022567e06980_0;
    %assign/vec4 v0000022567e06700_0, 0;
    %pushi/vec4 1, 0, 1;
    %assign/vec4 v0000022567e062a0_0, 0;
T_7.20 ;
    %jmp T_7.10;
T_7.10 ;
    %pop/vec4 1;
T_7.4 ;
T_7.1 ;
    %jmp T_7;
    .thread T_7;
    .scope S_0000022567dfaa70;
T_8 ;
    %delay 10000, 0;
    %load/vec4 v0000022567e60120_0;
    %inv;
    %store/vec4 v0000022567e60120_0, 0, 1;
    %jmp T_8;
    .thread T_8;
    .scope S_0000022567dfaa70;
T_9 ;
    %pushi/vec4 0, 0, 1;
    %store/vec4 v0000022567e60120_0, 0, 1;
    %pushi/vec4 0, 0, 1;
    %store/vec4 v0000022567e63ce0_0, 0, 1;
    %pushi/vec4 0, 0, 8;
    %store/vec4 v0000022567e60a80_0, 0, 8;
    %pushi/vec4 0, 0, 1;
    %store/vec4 v0000022567e64280_0, 0, 1;
    %pushi/vec4 0, 0, 1;
    %store/vec4 v0000022567e657c0_0, 0, 1;
    %wait E_0000022567e08780;
    %pushi/vec4 1, 0, 1;
    %store/vec4 v0000022567e63ce0_0, 0, 1;
    %wait E_0000022567e08780;
    %pushi/vec4 0, 0, 1;
    %store/vec4 v0000022567e63ce0_0, 0, 1;
    %pushi/vec4 65, 0, 8;
    %store/vec4 v0000022567e5fea0_0, 0, 8;
    %fork TD_uart_top_tb.send_byte, S_0000022567e63b00;
    %join;
    %pushi/vec4 85, 0, 8;
    %store/vec4 v0000022567e5fea0_0, 0, 8;
    %fork TD_uart_top_tb.send_byte, S_0000022567e63b00;
    %join;
    %pushi/vec4 170, 0, 8;
    %store/vec4 v0000022567e5fea0_0, 0, 8;
    %fork TD_uart_top_tb.send_byte, S_0000022567e63b00;
    %join;
    %pushi/vec4 15, 0, 8;
    %store/vec4 v0000022567e5fea0_0, 0, 8;
    %fork TD_uart_top_tb.send_byte, S_0000022567e63b00;
    %join;
    %pushi/vec4 65, 0, 8;
    %store/vec4 v0000022567e609e0_0, 0, 8;
    %fork TD_uart_top_tb.expect_byte, S_0000022567e63970;
    %join;
    %pushi/vec4 85, 0, 8;
    %store/vec4 v0000022567e609e0_0, 0, 8;
    %fork TD_uart_top_tb.expect_byte, S_0000022567e63970;
    %join;
    %pushi/vec4 170, 0, 8;
    %store/vec4 v0000022567e609e0_0, 0, 8;
    %fork TD_uart_top_tb.expect_byte, S_0000022567e63970;
    %join;
    %pushi/vec4 15, 0, 8;
    %store/vec4 v0000022567e609e0_0, 0, 8;
    %fork TD_uart_top_tb.expect_byte, S_0000022567e63970;
    %join;
    %wait E_0000022567e08780;
    %pushi/vec4 1, 0, 1;
    %store/vec4 v0000022567e63ce0_0, 0, 1;
    %wait E_0000022567e08780;
    %pushi/vec4 0, 0, 1;
    %store/vec4 v0000022567e63ce0_0, 0, 1;
    %pushi/vec4 18, 0, 8;
    %store/vec4 v0000022567e5fea0_0, 0, 8;
    %fork TD_uart_top_tb.send_byte, S_0000022567e63b00;
    %join;
    %pushi/vec4 52, 0, 8;
    %store/vec4 v0000022567e5fea0_0, 0, 8;
    %fork TD_uart_top_tb.send_byte, S_0000022567e63b00;
    %join;
    %pushi/vec4 18, 0, 8;
    %store/vec4 v0000022567e609e0_0, 0, 8;
    %fork TD_uart_top_tb.expect_byte, S_0000022567e63970;
    %join;
    %pushi/vec4 52, 0, 8;
    %store/vec4 v0000022567e609e0_0, 0, 8;
    %fork TD_uart_top_tb.expect_byte, S_0000022567e63970;
    %join;
    %vpi_call/w 3 104 "$display", "TB: done" {0 0 0};
    %vpi_call/w 3 105 "$finish" {0 0 0};
    %end;
    .thread T_9;
# The file index is used to find the file name in the following table.
:file_names 9;
    "N/A";
    "<interactive>";
    "-";
    "uart_top_tb.v";
    "uart_top.v";
    "baud_rate_generator.v";
    "uart_receiver.v";
    "uart_fifo.v";
    "uart_sender.v";
