#! /c/Source/iverilog-install/bin/vvp
:ivl_version "12.0 (devel)" "(s20150603-1539-g2693dd32b)";
:ivl_delay_selection "TYPICAL";
:vpi_time_precision - 12;
:vpi_module "C:\iverilog\lib\ivl\system.vpi";
:vpi_module "C:\iverilog\lib\ivl\vhdl_sys.vpi";
:vpi_module "C:\iverilog\lib\ivl\vhdl_textio.vpi";
:vpi_module "C:\iverilog\lib\ivl\v2005_math.vpi";
:vpi_module "C:\iverilog\lib\ivl\va_math.vpi";
:vpi_module "C:\iverilog\lib\ivl\v2009.vpi";
S_000001c1c18abfe0 .scope package, "$unit" "$unit" 2 1;
 .timescale 0 0;
S_000001c1c18ac170 .scope module, "uart_top_tb" "uart_top_tb" 3 3;
 .timescale -9 -12;
v000001c1c193a990_0 .net "busy", 0 0, L_000001c1c18ce180;  1 drivers
v000001c1c1938cd0_0 .var "clk", 0 0;
v000001c1c1939090_0 .var "data_in", 7 0;
v000001c1c1939130_0 .net "data_out", 7 0, v000001c1c18dc310_0;  1 drivers
v000001c1c193b140_0 .net "rdy", 0 0, v000001c1c18dc4f0_0;  1 drivers
v000001c1c193b6e0_0 .var "rdy_clr", 0 0;
v000001c1c193c720_0 .var "reset", 0 0;
v000001c1c193bbe0_0 .var "write_enable", 0 0;
S_000001c1c18b2540 .scope task, "clear_ready" "clear_ready" 3 40, 3 40 0, S_000001c1c18ac170;
 .timescale -9 -12;
E_000001c1c18e2390 .event negedge, v000001c1c18dc3b0_0;
TD_uart_top_tb.clear_ready ;
    %wait E_000001c1c18e2390;
    %pushi/vec4 1, 0, 1;
    %store/vec4 v000001c1c193b6e0_0, 0, 1;
    %wait E_000001c1c18e2390;
    %pushi/vec4 0, 0, 1;
    %store/vec4 v000001c1c193b6e0_0, 0, 1;
    %end;
S_000001c1c18b26d0 .scope module, "dut" "uart_top" 3 14, 4 3 0, S_000001c1c18ac170;
 .timescale -9 -12;
    .port_info 0 /INPUT 1 "clk";
    .port_info 1 /INPUT 1 "reset";
    .port_info 2 /INPUT 8 "data_in";
    .port_info 3 /INPUT 1 "write_enable";
    .port_info 4 /INPUT 1 "rdy_clr";
    .port_info 5 /OUTPUT 1 "rdy";
    .port_info 6 /OUTPUT 1 "busy";
    .port_info 7 /OUTPUT 8 "data_out";
L_000001c1c1960088 .functor BUFT 1, C4<0>, C4<0>, C4<0>, C4<0>;
L_000001c1c18cdee0 .functor XNOR 1, L_000001c1c193ba00, L_000001c1c1960088, C4<0>, C4<0>;
L_000001c1c18cda80 .functor AND 1, L_000001c1c193b780, L_000001c1c18cdee0, C4<1>, C4<1>;
L_000001c1c18ce180 .functor BUFZ 1, L_000001c1c193ba00, C4<0>, C4<0>, C4<0>;
v000001c1c19394f0_0 .net *"_ivl_1", 0 0, L_000001c1c193b780;  1 drivers
v000001c1c1939810_0 .net/2u *"_ivl_2", 0 0, L_000001c1c1960088;  1 drivers
v000001c1c19393b0_0 .net *"_ivl_4", 0 0, L_000001c1c18cdee0;  1 drivers
v000001c1c193a0d0_0 .net "busy", 0 0, L_000001c1c18ce180;  alias, 1 drivers
v000001c1c1938eb0_0 .net "clk", 0 0, v000001c1c1938cd0_0;  1 drivers
v000001c1c1939e50_0 .net "data_in", 7 0, v000001c1c1939090_0;  1 drivers
v000001c1c193a030_0 .net "data_out", 7 0, v000001c1c18dc310_0;  alias, 1 drivers
v000001c1c19398b0_0 .net "rdy", 0 0, v000001c1c18dc4f0_0;  alias, 1 drivers
v000001c1c193a530_0 .net "rdy_clr", 0 0, v000001c1c193b6e0_0;  1 drivers
v000001c1c1938f50_0 .net "reset", 0 0, v000001c1c193c720_0;  1 drivers
v000001c1c193a170_0 .net "rx_en", 0 0, v000001c1c18dcdb0_0;  1 drivers
v000001c1c1938ff0_0 .net "tx_busy", 0 0, L_000001c1c193ba00;  1 drivers
v000001c1c1939770_0 .net "tx_clock_enable", 0 0, v000001c1c18dc1d0_0;  1 drivers
v000001c1c193a7b0_0 .net "tx_fifo_dout", 7 0, L_000001c1c18ce110;  1 drivers
v000001c1c1939950_0 .net "tx_fifo_empty", 0 0, L_000001c1c193bb40;  1 drivers
v000001c1c19399f0_0 .net "tx_fifo_full", 0 0, L_000001c1c193c860;  1 drivers
v000001c1c1939a90_0 .net "tx_line", 0 0, v000001c1c1939270_0;  1 drivers
v000001c1c193a5d0_0 .net "tx_start", 0 0, L_000001c1c18cda80;  1 drivers
v000001c1c1938c30_0 .net "write_enable", 0 0, v000001c1c193bbe0_0;  1 drivers
L_000001c1c193b780 .reduce/nor L_000001c1c193bb40;
S_000001c1c18c0290 .scope module, "brg" "baud_rate_generator" 4 28, 5 3 0, S_000001c1c18b26d0;
 .timescale -9 -12;
    .port_info 0 /INPUT 1 "clk";
    .port_info 1 /INPUT 1 "reset";
    .port_info 2 /OUTPUT 1 "tx_enable";
    .port_info 3 /OUTPUT 1 "rx_en";
P_000001c1c18596b0 .param/l "RX_DIV" 0 5 10, +C4<00000000000000000000000101000101>;
P_000001c1c18596e8 .param/l "TX_DIV" 0 5 9, +C4<00000000000000000001010001011000>;
v000001c1c18dc3b0_0 .net "clk", 0 0, v000001c1c1938cd0_0;  alias, 1 drivers
v000001c1c18dc6d0_0 .net "reset", 0 0, v000001c1c193c720_0;  alias, 1 drivers
v000001c1c18dcc70_0 .var "rx_counter", 9 0;
v000001c1c18dcdb0_0 .var "rx_en", 0 0;
v000001c1c18dcd10_0 .var "tx_counter", 12 0;
v000001c1c18dc1d0_0 .var "tx_enable", 0 0;
E_000001c1c18e2990 .event posedge, v000001c1c18dc3b0_0;
S_000001c1c18c0420 .scope module, "rx_inst" "uart_receiver" 4 59, 6 3 0, S_000001c1c18b26d0;
 .timescale -9 -12;
    .port_info 0 /INPUT 1 "clk";
    .port_info 1 /INPUT 1 "rst";
    .port_info 2 /INPUT 1 "rx";
    .port_info 3 /INPUT 1 "rdy_clr";
    .port_info 4 /INPUT 1 "rx_en";
    .port_info 5 /OUTPUT 1 "rdy";
    .port_info 6 /OUTPUT 8 "data_out";
P_000001c1c189e680 .param/l "DATA" 0 6 14, C4<10>;
P_000001c1c189e6b8 .param/l "IDLE" 0 6 12, C4<00>;
P_000001c1c189e6f0 .param/l "START" 0 6 13, C4<01>;
P_000001c1c189e728 .param/l "STOP" 0 6 15, C4<11>;
v000001c1c18dc090_0 .net "clk", 0 0, v000001c1c1938cd0_0;  alias, 1 drivers
v000001c1c18dc310_0 .var "data_out", 7 0;
v000001c1c18dc630_0 .var "index", 3 0;
v000001c1c18dc4f0_0 .var "rdy", 0 0;
v000001c1c18dcef0_0 .net "rdy_clr", 0 0, v000001c1c193b6e0_0;  alias, 1 drivers
v000001c1c18dc450_0 .net "rst", 0 0, v000001c1c193c720_0;  alias, 1 drivers
v000001c1c18dc590_0 .net "rx", 0 0, v000001c1c1939270_0;  alias, 1 drivers
v000001c1c18dce50_0 .net "rx_en", 0 0, v000001c1c18dcdb0_0;  alias, 1 drivers
v000001c1c18dc270_0 .var "sample", 3 0;
v000001c1c18dc770_0 .var "state", 1 0;
v000001c1c18dc810_0 .var "temp", 7 0;
S_000001c1c18ca010 .scope module, "tx_fifo" "uart_fifo" 4 35, 7 7 0, S_000001c1c18b26d0;
 .timescale -9 -12;
    .port_info 0 /INPUT 1 "clk";
    .port_info 1 /INPUT 1 "reset";
    .port_info 2 /INPUT 1 "wr_en";
    .port_info 3 /INPUT 8 "wr_data";
    .port_info 4 /OUTPUT 1 "full";
    .port_info 5 /INPUT 1 "rd_en";
    .port_info 6 /OUTPUT 8 "rd_data";
    .port_info 7 /OUTPUT 1 "empty";
L_000001c1c18ce110 .functor BUFZ 8, L_000001c1c193cb80, C4<00000000>, C4<00000000>, C4<00000000>;
L_000001c1c18cdcb0 .functor AND 1, v000001c1c193bbe0_0, L_000001c1c193b1e0, C4<1>, C4<1>;
L_000001c1c18cdf50 .functor AND 1, L_000001c1c18cda80, L_000001c1c193b960, C4<1>, C4<1>;
L_000001c1c19600d0 .functor BUFT 1, C4<00000>, C4<0>, C4<0>, C4<0>;
v000001c1c18dc8b0_0 .net/2u *"_ivl_0", 4 0, L_000001c1c19600d0;  1 drivers
v000001c1c18dc950_0 .net *"_ivl_10", 5 0, L_000001c1c193bdc0;  1 drivers
L_000001c1c1960160 .functor BUFT 1, C4<00>, C4<0>, C4<0>, C4<0>;
v000001c1c18dbff0_0 .net *"_ivl_13", 1 0, L_000001c1c1960160;  1 drivers
v000001c1c18dc9f0_0 .net *"_ivl_17", 0 0, L_000001c1c193b1e0;  1 drivers
v000001c1c18dca90_0 .net *"_ivl_21", 0 0, L_000001c1c193b960;  1 drivers
L_000001c1c1960118 .functor BUFT 1, C4<10000>, C4<0>, C4<0>, C4<0>;
v000001c1c18dcb30_0 .net/2u *"_ivl_4", 4 0, L_000001c1c1960118;  1 drivers
v000001c1c18dcbd0_0 .net *"_ivl_8", 7 0, L_000001c1c193cb80;  1 drivers
v000001c1c193a210_0 .net "clk", 0 0, v000001c1c1938cd0_0;  alias, 1 drivers
v000001c1c1939b30_0 .var "count", 4 0;
v000001c1c1938d70_0 .net "do_read", 0 0, L_000001c1c18cdf50;  1 drivers
v000001c1c1939310_0 .net "do_write", 0 0, L_000001c1c18cdcb0;  1 drivers
v000001c1c19391d0_0 .net "empty", 0 0, L_000001c1c193bb40;  alias, 1 drivers
v000001c1c1939630_0 .net "full", 0 0, L_000001c1c193c860;  alias, 1 drivers
v000001c1c19396d0 .array "mem", 15 0, 7 0;
v000001c1c193a670_0 .net "rd_data", 7 0, L_000001c1c18ce110;  alias, 1 drivers
v000001c1c193a2b0_0 .net "rd_en", 0 0, L_000001c1c18cda80;  alias, 1 drivers
v000001c1c1939bd0_0 .var "rd_ptr", 3 0;
v000001c1c193a350_0 .net "reset", 0 0, v000001c1c193c720_0;  alias, 1 drivers
v000001c1c1939ef0_0 .net "wr_data", 7 0, v000001c1c1939090_0;  alias, 1 drivers
v000001c1c1939f90_0 .net "wr_en", 0 0, v000001c1c193bbe0_0;  alias, 1 drivers
v000001c1c1939590_0 .var "wr_ptr", 3 0;
L_000001c1c193bb40 .cmp/eq 5, v000001c1c1939b30_0, L_000001c1c19600d0;
L_000001c1c193c860 .cmp/eq 5, v000001c1c1939b30_0, L_000001c1c1960118;
L_000001c1c193cb80 .array/port v000001c1c19396d0, L_000001c1c193bdc0;
L_000001c1c193bdc0 .concat [ 4 2 0 0], v000001c1c1939bd0_0, L_000001c1c1960160;
L_000001c1c193b1e0 .reduce/nor L_000001c1c193c860;
L_000001c1c193b960 .reduce/nor L_000001c1c193bb40;
S_000001c1c18ca1a0 .scope module, "tx_inst" "uart_sender" 4 46, 8 3 0, S_000001c1c18b26d0;
 .timescale -9 -12;
    .port_info 0 /INPUT 1 "clk";
    .port_info 1 /INPUT 1 "rst";
    .port_info 2 /INPUT 1 "wr_en";
    .port_info 3 /INPUT 1 "tx_en";
    .port_info 4 /INPUT 8 "data_in";
    .port_info 5 /OUTPUT 1 "tx";
    .port_info 6 /OUTPUT 1 "busy";
P_000001c1c18ca330 .param/l "DATA" 0 8 14, C4<10>;
P_000001c1c18ca368 .param/l "IDLE" 0 8 12, C4<00>;
P_000001c1c18ca3a0 .param/l "START" 0 8 13, C4<01>;
P_000001c1c18ca3d8 .param/l "STOP" 0 8 15, C4<11>;
L_000001c1c19601a8 .functor BUFT 1, C4<00>, C4<0>, C4<0>, C4<0>;
v000001c1c1939c70_0 .net/2u *"_ivl_0", 1 0, L_000001c1c19601a8;  1 drivers
v000001c1c193a490_0 .net "busy", 0 0, L_000001c1c193ba00;  alias, 1 drivers
v000001c1c1939450_0 .net "clk", 0 0, v000001c1c1938cd0_0;  alias, 1 drivers
v000001c1c1939d10_0 .var "data", 7 0;
v000001c1c193a3f0_0 .net "data_in", 7 0, L_000001c1c18ce110;  alias, 1 drivers
v000001c1c1938b90_0 .var "index", 2 0;
v000001c1c193a710_0 .net "rst", 0 0, v000001c1c193c720_0;  alias, 1 drivers
v000001c1c1938e10_0 .var "state", 1 0;
v000001c1c1939270_0 .var "tx", 0 0;
v000001c1c1939db0_0 .net "tx_en", 0 0, v000001c1c18dc1d0_0;  alias, 1 drivers
v000001c1c193aa30_0 .net "wr_en", 0 0, L_000001c1c18cda80;  alias, 1 drivers
L_000001c1c193ba00 .cmp/ne 2, v000001c1c1938e10_0, L_000001c1c19601a8;
S_000001c1c193ab50 .scope task, "expect_byte" "expect_byte" 3 49, 3 49 0, S_000001c1c18ac170;
 .timescale -9 -12;
v000001c1c193a850_0 .var "exp", 7 0;
E_000001c1c18e2410 .event anyedge, v000001c1c18dc4f0_0;
TD_uart_top_tb.expect_byte ;
T_1.0 ;
    %load/vec4 v000001c1c193b140_0;
    %pushi/vec4 0, 0, 1;
    %cmp/e;
    %flag_get/vec4 4;
    %cmpi/ne 1, 0, 1;
    %jmp/0xz T_1.1, 6;
    %wait E_000001c1c18e2410;
    %jmp T_1.0;
T_1.1 ;
T_1.2 ;
    %load/vec4 v000001c1c193b140_0;
    %pushi/vec4 1, 0, 1;
    %cmp/e;
    %flag_get/vec4 4;
    %cmpi/ne 1, 0, 1;
    %jmp/0xz T_1.3, 6;
    %wait E_000001c1c18e2410;
    %jmp T_1.2;
T_1.3 ;
    %load/vec4 v000001c1c1939130_0;
    %load/vec4 v000001c1c193a850_0;
    %cmp/ne;
    %jmp/0xz  T_1.4, 6;
    %vpi_call/w 3 57 "$display", "TB ERROR: expected %h, got %h at time %0t", v000001c1c193a850_0, v000001c1c1939130_0, $time {0 0 0};
    %vpi_call/w 3 58 "$finish" {0 0 0};
    %jmp T_1.5;
T_1.4 ;
    %vpi_call/w 3 60 "$display", "TB: received %h OK at time %0t", v000001c1c1939130_0, $time {0 0 0};
T_1.5 ;
    %fork TD_uart_top_tb.clear_ready, S_000001c1c18b2540;
    %join;
    %end;
S_000001c1c193ace0 .scope task, "send_byte" "send_byte" 3 28, 3 28 0, S_000001c1c18ac170;
 .timescale -9 -12;
v000001c1c193a8f0_0 .var "d", 7 0;
TD_uart_top_tb.send_byte ;
    %wait E_000001c1c18e2390;
    %vpi_call/w 3 32 "$display", "TB: send %h (tx_busy=%b) at time %0t", v000001c1c193a8f0_0, v000001c1c193a990_0, $time {0 0 0};
    %load/vec4 v000001c1c193a8f0_0;
    %store/vec4 v000001c1c1939090_0, 0, 8;
    %pushi/vec4 1, 0, 1;
    %store/vec4 v000001c1c193bbe0_0, 0, 1;
    %wait E_000001c1c18e2390;
    %pushi/vec4 0, 0, 1;
    %store/vec4 v000001c1c193bbe0_0, 0, 1;
    %end;
    .scope S_000001c1c18c0290;
T_3 ;
    %wait E_000001c1c18e2990;
    %load/vec4 v000001c1c18dc6d0_0;
    %flag_set/vec4 8;
    %jmp/0xz  T_3.0, 8;
    %pushi/vec4 0, 0, 13;
    %assign/vec4 v000001c1c18dcd10_0, 0;
    %pushi/vec4 0, 0, 1;
    %assign/vec4 v000001c1c18dc1d0_0, 0;
    %jmp T_3.1;
T_3.0 ;
    %load/vec4 v000001c1c18dcd10_0;
    %pad/u 32;
    %cmpi/e 5207, 0, 32;
    %jmp/0xz  T_3.2, 4;
    %pushi/vec4 0, 0, 13;
    %assign/vec4 v000001c1c18dcd10_0, 0;
    %pushi/vec4 1, 0, 1;
    %assign/vec4 v000001c1c18dc1d0_0, 0;
    %jmp T_3.3;
T_3.2 ;
    %load/vec4 v000001c1c18dcd10_0;
    %addi 1, 0, 13;
    %assign/vec4 v000001c1c18dcd10_0, 0;
    %pushi/vec4 0, 0, 1;
    %assign/vec4 v000001c1c18dc1d0_0, 0;
T_3.3 ;
T_3.1 ;
    %jmp T_3;
    .thread T_3;
    .scope S_000001c1c18c0290;
T_4 ;
    %wait E_000001c1c18e2990;
    %load/vec4 v000001c1c18dc6d0_0;
    %flag_set/vec4 8;
    %jmp/0xz  T_4.0, 8;
    %pushi/vec4 0, 0, 10;
    %assign/vec4 v000001c1c18dcc70_0, 0;
    %pushi/vec4 0, 0, 1;
    %assign/vec4 v000001c1c18dcdb0_0, 0;
    %jmp T_4.1;
T_4.0 ;
    %load/vec4 v000001c1c18dcc70_0;
    %pad/u 32;
    %cmpi/e 324, 0, 32;
    %jmp/0xz  T_4.2, 4;
    %pushi/vec4 0, 0, 10;
    %assign/vec4 v000001c1c18dcc70_0, 0;
    %pushi/vec4 1, 0, 1;
    %assign/vec4 v000001c1c18dcdb0_0, 0;
    %jmp T_4.3;
T_4.2 ;
    %load/vec4 v000001c1c18dcc70_0;
    %addi 1, 0, 10;
    %assign/vec4 v000001c1c18dcc70_0, 0;
    %pushi/vec4 0, 0, 1;
    %assign/vec4 v000001c1c18dcdb0_0, 0;
T_4.3 ;
T_4.1 ;
    %jmp T_4;
    .thread T_4;
    .scope S_000001c1c18ca010;
T_5 ;
    %wait E_000001c1c18e2990;
    %load/vec4 v000001c1c193a350_0;
    %flag_set/vec4 8;
    %jmp/0xz  T_5.0, 8;
    %pushi/vec4 0, 0, 4;
    %assign/vec4 v000001c1c1939590_0, 0;
    %pushi/vec4 0, 0, 4;
    %assign/vec4 v000001c1c1939bd0_0, 0;
    %pushi/vec4 0, 0, 5;
    %assign/vec4 v000001c1c1939b30_0, 0;
    %jmp T_5.1;
T_5.0 ;
    %load/vec4 v000001c1c1939310_0;
    %flag_set/vec4 8;
    %jmp/0xz  T_5.2, 8;
    %load/vec4 v000001c1c1939ef0_0;
    %load/vec4 v000001c1c1939590_0;
    %pad/u 6;
    %ix/vec4 3;
    %ix/load 4, 0, 0; Constant delay
    %assign/vec4/a/d v000001c1c19396d0, 0, 4;
    %load/vec4 v000001c1c1939590_0;
    %addi 1, 0, 4;
    %assign/vec4 v000001c1c1939590_0, 0;
T_5.2 ;
    %load/vec4 v000001c1c1938d70_0;
    %flag_set/vec4 8;
    %jmp/0xz  T_5.4, 8;
    %load/vec4 v000001c1c1939bd0_0;
    %addi 1, 0, 4;
    %assign/vec4 v000001c1c1939bd0_0, 0;
T_5.4 ;
    %load/vec4 v000001c1c1939310_0;
    %load/vec4 v000001c1c1938d70_0;
    %concat/vec4; draw_concat_vec4
    %dup/vec4;
    %pushi/vec4 2, 0, 2;
    %cmp/u;
    %jmp/1 T_5.6, 6;
    %dup/vec4;
    %pushi/vec4 1, 0, 2;
    %cmp/u;
    %jmp/1 T_5.7, 6;
    %load/vec4 v000001c1c1939b30_0;
    %assign/vec4 v000001c1c1939b30_0, 0;
    %jmp T_5.9;
T_5.6 ;
    %load/vec4 v000001c1c1939b30_0;
    %addi 1, 0, 5;
    %assign/vec4 v000001c1c1939b30_0, 0;
    %jmp T_5.9;
T_5.7 ;
    %load/vec4 v000001c1c1939b30_0;
    %subi 1, 0, 5;
    %assign/vec4 v000001c1c1939b30_0, 0;
    %jmp T_5.9;
T_5.9 ;
    %pop/vec4 1;
T_5.1 ;
    %jmp T_5;
    .thread T_5;
    .scope S_000001c1c18ca1a0;
T_6 ;
    %wait E_000001c1c18e2990;
    %load/vec4 v000001c1c193a710_0;
    %flag_set/vec4 8;
    %jmp/0xz  T_6.0, 8;
    %pushi/vec4 0, 0, 2;
    %assign/vec4 v000001c1c1938e10_0, 0;
    %pushi/vec4 1, 0, 1;
    %assign/vec4 v000001c1c1939270_0, 0;
    %pushi/vec4 0, 0, 8;
    %assign/vec4 v000001c1c1939d10_0, 0;
    %pushi/vec4 0, 0, 3;
    %assign/vec4 v000001c1c1938b90_0, 0;
    %jmp T_6.1;
T_6.0 ;
    %load/vec4 v000001c1c1938e10_0;
    %dup/vec4;
    %pushi/vec4 0, 0, 2;
    %cmp/u;
    %jmp/1 T_6.2, 6;
    %dup/vec4;
    %pushi/vec4 1, 0, 2;
    %cmp/u;
    %jmp/1 T_6.3, 6;
    %dup/vec4;
    %pushi/vec4 2, 0, 2;
    %cmp/u;
    %jmp/1 T_6.4, 6;
    %dup/vec4;
    %pushi/vec4 3, 0, 2;
    %cmp/u;
    %jmp/1 T_6.5, 6;
    %pushi/vec4 0, 0, 2;
    %assign/vec4 v000001c1c1938e10_0, 0;
    %pushi/vec4 1, 0, 1;
    %assign/vec4 v000001c1c1939270_0, 0;
    %pushi/vec4 0, 0, 3;
    %assign/vec4 v000001c1c1938b90_0, 0;
    %jmp T_6.7;
T_6.2 ;
    %pushi/vec4 1, 0, 1;
    %assign/vec4 v000001c1c1939270_0, 0;
    %pushi/vec4 0, 0, 3;
    %assign/vec4 v000001c1c1938b90_0, 0;
    %load/vec4 v000001c1c193aa30_0;
    %flag_set/vec4 8;
    %jmp/0xz  T_6.8, 8;
    %load/vec4 v000001c1c193a3f0_0;
    %assign/vec4 v000001c1c1939d10_0, 0;
    %pushi/vec4 1, 0, 2;
    %assign/vec4 v000001c1c1938e10_0, 0;
T_6.8 ;
    %jmp T_6.7;
T_6.3 ;
    %load/vec4 v000001c1c1939db0_0;
    %flag_set/vec4 8;
    %jmp/0xz  T_6.10, 8;
    %pushi/vec4 0, 0, 1;
    %assign/vec4 v000001c1c1939270_0, 0;
    %pushi/vec4 2, 0, 2;
    %assign/vec4 v000001c1c1938e10_0, 0;
    %pushi/vec4 0, 0, 3;
    %assign/vec4 v000001c1c1938b90_0, 0;
T_6.10 ;
    %jmp T_6.7;
T_6.4 ;
    %load/vec4 v000001c1c1939db0_0;
    %flag_set/vec4 8;
    %jmp/0xz  T_6.12, 8;
    %load/vec4 v000001c1c1939d10_0;
    %load/vec4 v000001c1c1938b90_0;
    %part/u 1;
    %assign/vec4 v000001c1c1939270_0, 0;
    %load/vec4 v000001c1c1938b90_0;
    %cmpi/e 7, 0, 3;
    %jmp/0xz  T_6.14, 4;
    %pushi/vec4 3, 0, 2;
    %assign/vec4 v000001c1c1938e10_0, 0;
    %jmp T_6.15;
T_6.14 ;
    %load/vec4 v000001c1c1938b90_0;
    %addi 1, 0, 3;
    %assign/vec4 v000001c1c1938b90_0, 0;
T_6.15 ;
T_6.12 ;
    %jmp T_6.7;
T_6.5 ;
    %load/vec4 v000001c1c1939db0_0;
    %flag_set/vec4 8;
    %jmp/0xz  T_6.16, 8;
    %pushi/vec4 1, 0, 1;
    %assign/vec4 v000001c1c1939270_0, 0;
    %pushi/vec4 0, 0, 2;
    %assign/vec4 v000001c1c1938e10_0, 0;
T_6.16 ;
    %jmp T_6.7;
T_6.7 ;
    %pop/vec4 1;
T_6.1 ;
    %jmp T_6;
    .thread T_6;
    .scope S_000001c1c18c0420;
T_7 ;
    %wait E_000001c1c18e2990;
    %load/vec4 v000001c1c18dc450_0;
    %flag_set/vec4 8;
    %jmp/0xz  T_7.0, 8;
    %pushi/vec4 0, 0, 2;
    %assign/vec4 v000001c1c18dc770_0, 0;
    %pushi/vec4 0, 0, 4;
    %assign/vec4 v000001c1c18dc270_0, 0;
    %pushi/vec4 0, 0, 4;
    %assign/vec4 v000001c1c18dc630_0, 0;
    %pushi/vec4 0, 0, 8;
    %assign/vec4 v000001c1c18dc810_0, 0;
    %pushi/vec4 0, 0, 8;
    %assign/vec4 v000001c1c18dc310_0, 0;
    %pushi/vec4 0, 0, 1;
    %assign/vec4 v000001c1c18dc4f0_0, 0;
    %jmp T_7.1;
T_7.0 ;
    %load/vec4 v000001c1c18dcef0_0;
    %flag_set/vec4 8;
    %jmp/0xz  T_7.2, 8;
    %pushi/vec4 0, 0, 1;
    %assign/vec4 v000001c1c18dc4f0_0, 0;
T_7.2 ;
    %load/vec4 v000001c1c18dce50_0;
    %flag_set/vec4 8;
    %jmp/0xz  T_7.4, 8;
    %load/vec4 v000001c1c18dc770_0;
    %dup/vec4;
    %pushi/vec4 0, 0, 2;
    %cmp/u;
    %jmp/1 T_7.6, 6;
    %dup/vec4;
    %pushi/vec4 1, 0, 2;
    %cmp/u;
    %jmp/1 T_7.7, 6;
    %dup/vec4;
    %pushi/vec4 2, 0, 2;
    %cmp/u;
    %jmp/1 T_7.8, 6;
    %dup/vec4;
    %pushi/vec4 3, 0, 2;
    %cmp/u;
    %jmp/1 T_7.9, 6;
    %pushi/vec4 0, 0, 2;
    %assign/vec4 v000001c1c18dc770_0, 0;
    %pushi/vec4 0, 0, 4;
    %assign/vec4 v000001c1c18dc270_0, 0;
    %pushi/vec4 0, 0, 4;
    %assign/vec4 v000001c1c18dc630_0, 0;
    %jmp T_7.11;
T_7.6 ;
    %pushi/vec4 0, 0, 4;
    %assign/vec4 v000001c1c18dc270_0, 0;
    %pushi/vec4 0, 0, 4;
    %assign/vec4 v000001c1c18dc630_0, 0;
    %load/vec4 v000001c1c18dc590_0;
    %cmpi/e 0, 0, 1;
    %jmp/0xz  T_7.12, 4;
    %pushi/vec4 1, 0, 2;
    %assign/vec4 v000001c1c18dc770_0, 0;
T_7.12 ;
    %jmp T_7.11;
T_7.7 ;
    %load/vec4 v000001c1c18dc270_0;
    %addi 1, 0, 4;
    %assign/vec4 v000001c1c18dc270_0, 0;
    %load/vec4 v000001c1c18dc270_0;
    %cmpi/e 7, 0, 4;
    %jmp/0xz  T_7.14, 4;
    %load/vec4 v000001c1c18dc590_0;
    %cmpi/e 0, 0, 1;
    %jmp/0xz  T_7.16, 4;
    %pushi/vec4 0, 0, 4;
    %assign/vec4 v000001c1c18dc270_0, 0;
    %pushi/vec4 0, 0, 4;
    %assign/vec4 v000001c1c18dc630_0, 0;
    %pushi/vec4 0, 0, 8;
    %assign/vec4 v000001c1c18dc810_0, 0;
    %pushi/vec4 2, 0, 2;
    %assign/vec4 v000001c1c18dc770_0, 0;
    %jmp T_7.17;
T_7.16 ;
    %pushi/vec4 0, 0, 4;
    %assign/vec4 v000001c1c18dc270_0, 0;
    %pushi/vec4 0, 0, 2;
    %assign/vec4 v000001c1c18dc770_0, 0;
T_7.17 ;
T_7.14 ;
    %jmp T_7.11;
T_7.8 ;
    %load/vec4 v000001c1c18dc270_0;
    %addi 1, 0, 4;
    %assign/vec4 v000001c1c18dc270_0, 0;
    %load/vec4 v000001c1c18dc270_0;
    %cmpi/e 15, 0, 4;
    %jmp/0xz  T_7.18, 4;
    %pushi/vec4 0, 0, 4;
    %assign/vec4 v000001c1c18dc270_0, 0;
    %load/vec4 v000001c1c18dc590_0;
    %ix/load 5, 0, 0;
    %load/vec4 v000001c1c18dc630_0;
    %parti/s 3, 0, 2;
    %ix/vec4 4;
    %assign/vec4/off/d v000001c1c18dc810_0, 4, 5;
    %load/vec4 v000001c1c18dc630_0;
    %cmpi/e 7, 0, 4;
    %jmp/0xz  T_7.20, 4;
    %pushi/vec4 3, 0, 2;
    %assign/vec4 v000001c1c18dc770_0, 0;
    %jmp T_7.21;
T_7.20 ;
    %load/vec4 v000001c1c18dc630_0;
    %addi 1, 0, 4;
    %assign/vec4 v000001c1c18dc630_0, 0;
T_7.21 ;
T_7.18 ;
    %jmp T_7.11;
T_7.9 ;
    %load/vec4 v000001c1c18dc270_0;
    %addi 1, 0, 4;
    %assign/vec4 v000001c1c18dc270_0, 0;
    %load/vec4 v000001c1c18dc270_0;
    %cmpi/e 15, 0, 4;
    %jmp/0xz  T_7.22, 4;
    %pushi/vec4 0, 0, 4;
    %assign/vec4 v000001c1c18dc270_0, 0;
    %pushi/vec4 0, 0, 2;
    %assign/vec4 v000001c1c18dc770_0, 0;
    %load/vec4 v000001c1c18dc590_0;
    %cmpi/e 1, 0, 1;
    %jmp/0xz  T_7.24, 4;
    %load/vec4 v000001c1c18dc810_0;
    %assign/vec4 v000001c1c18dc310_0, 0;
    %pushi/vec4 1, 0, 1;
    %assign/vec4 v000001c1c18dc4f0_0, 0;
T_7.24 ;
T_7.22 ;
    %jmp T_7.11;
T_7.11 ;
    %pop/vec4 1;
T_7.4 ;
T_7.1 ;
    %jmp T_7;
    .thread T_7;
    .scope S_000001c1c18ac170;
T_8 ;
    %delay 10000, 0;
    %load/vec4 v000001c1c1938cd0_0;
    %inv;
    %store/vec4 v000001c1c1938cd0_0, 0, 1;
    %jmp T_8;
    .thread T_8;
    .scope S_000001c1c18ac170;
T_9 ;
    %pushi/vec4 0, 0, 1;
    %store/vec4 v000001c1c1938cd0_0, 0, 1;
    %pushi/vec4 0, 0, 1;
    %store/vec4 v000001c1c193c720_0, 0, 1;
    %pushi/vec4 0, 0, 8;
    %store/vec4 v000001c1c1939090_0, 0, 8;
    %pushi/vec4 0, 0, 1;
    %store/vec4 v000001c1c193bbe0_0, 0, 1;
    %pushi/vec4 0, 0, 1;
    %store/vec4 v000001c1c193b6e0_0, 0, 1;
    %wait E_000001c1c18e2390;
    %pushi/vec4 1, 0, 1;
    %store/vec4 v000001c1c193c720_0, 0, 1;
    %wait E_000001c1c18e2390;
    %pushi/vec4 0, 0, 1;
    %store/vec4 v000001c1c193c720_0, 0, 1;
    %pushi/vec4 65, 0, 8;
    %store/vec4 v000001c1c193a8f0_0, 0, 8;
    %fork TD_uart_top_tb.send_byte, S_000001c1c193ace0;
    %join;
    %pushi/vec4 85, 0, 8;
    %store/vec4 v000001c1c193a8f0_0, 0, 8;
    %fork TD_uart_top_tb.send_byte, S_000001c1c193ace0;
    %join;
    %pushi/vec4 170, 0, 8;
    %store/vec4 v000001c1c193a8f0_0, 0, 8;
    %fork TD_uart_top_tb.send_byte, S_000001c1c193ace0;
    %join;
    %pushi/vec4 15, 0, 8;
    %store/vec4 v000001c1c193a8f0_0, 0, 8;
    %fork TD_uart_top_tb.send_byte, S_000001c1c193ace0;
    %join;
    %pushi/vec4 65, 0, 8;
    %store/vec4 v000001c1c193a850_0, 0, 8;
    %fork TD_uart_top_tb.expect_byte, S_000001c1c193ab50;
    %join;
    %pushi/vec4 85, 0, 8;
    %store/vec4 v000001c1c193a850_0, 0, 8;
    %fork TD_uart_top_tb.expect_byte, S_000001c1c193ab50;
    %join;
    %pushi/vec4 170, 0, 8;
    %store/vec4 v000001c1c193a850_0, 0, 8;
    %fork TD_uart_top_tb.expect_byte, S_000001c1c193ab50;
    %join;
    %pushi/vec4 15, 0, 8;
    %store/vec4 v000001c1c193a850_0, 0, 8;
    %fork TD_uart_top_tb.expect_byte, S_000001c1c193ab50;
    %join;
    %wait E_000001c1c18e2390;
    %pushi/vec4 1, 0, 1;
    %store/vec4 v000001c1c193c720_0, 0, 1;
    %wait E_000001c1c18e2390;
    %pushi/vec4 0, 0, 1;
    %store/vec4 v000001c1c193c720_0, 0, 1;
    %pushi/vec4 18, 0, 8;
    %store/vec4 v000001c1c193a8f0_0, 0, 8;
    %fork TD_uart_top_tb.send_byte, S_000001c1c193ace0;
    %join;
    %pushi/vec4 52, 0, 8;
    %store/vec4 v000001c1c193a8f0_0, 0, 8;
    %fork TD_uart_top_tb.send_byte, S_000001c1c193ace0;
    %join;
    %pushi/vec4 18, 0, 8;
    %store/vec4 v000001c1c193a850_0, 0, 8;
    %fork TD_uart_top_tb.expect_byte, S_000001c1c193ab50;
    %join;
    %pushi/vec4 52, 0, 8;
    %store/vec4 v000001c1c193a850_0, 0, 8;
    %fork TD_uart_top_tb.expect_byte, S_000001c1c193ab50;
    %join;
    %vpi_call/w 3 104 "$display", "TB: done" {0 0 0};
    %vpi_call/w 3 105 "$finish" {0 0 0};
    %end;
    .thread T_9;
# The file index is used to find the file name in the following table.
:file_names 9;
    "N/A";
    "<interactive>";
    "-";
    "uart_top_tb.v";
    "uart_top.v";
    "baud_rate_generator.v";
    "uart_receiver.v";
    "uart_fifo.v";
    "uart_sender.v";
